2025-11-25 01:08:04 - INFO - ============================================================
2025-11-25 01:08:04 - INFO - [LOGGER] Initialized logger at logs_mof_sac/train.log
2025-11-25 01:08:04 - INFO - ============================================================
2025-11-25 01:08:04 - INFO - [INIT] Using device: cuda
2025-11-25 01:08:04 - INFO - [DATA] Found 5861 CIF files under mofs/train_pool_valid
2025-11-25 01:08:04 - INFO - [INIT] Loading MACE model from mofs_v2.model
2025-11-25 01:08:59 - INFO - ============================================================
2025-11-25 01:08:59 - INFO - [LOGGER] Initialized logger at logs_mof_sac/train.log
2025-11-25 01:08:59 - INFO - ============================================================
2025-11-25 01:08:59 - INFO - [INIT] Using device: cuda
2025-11-25 01:08:59 - INFO - [DATA] Found 5861 CIF files under mofs/train_pool_valid
2025-11-25 01:08:59 - INFO - [INIT] Loading MACE model from mofs_v2.model
2025-11-25 01:08:59 - INFO - [INIT] atoms_loader with 5861 CIFs ready.
2025-11-25 01:09:14 - INFO - ============================================================
2025-11-25 01:09:14 - INFO - [LOGGER] Initialized logger at logs_mof_sac/train.log
2025-11-25 01:09:14 - INFO - ============================================================
2025-11-25 01:09:14 - INFO - [INIT] Using device: cuda
2025-11-25 01:09:14 - INFO - [DATA] Found 5861 CIF files under mofs/train_pool_valid
2025-11-25 01:09:14 - INFO - [INIT] Loading MACE model from mofs_v2.model
2025-11-25 01:09:15 - INFO - [INIT] atoms_loader with 5861 CIFs ready.
