2025-11-26 23:17:30,903 - INFO - Detected log files (in order): ['train.log', 'train.log.1', 'train.log.2', 'train.log.3']
2025-11-26 23:17:30,913 - INFO - Parsing file: train.log
2025-11-26 23:17:30,920 - INFO - Parsing file: train.log.1
2025-11-26 23:17:30,960 - INFO - Parsing file: train.log.2
2025-11-26 23:17:31,001 - INFO - Parsing file: train.log.3
2025-11-26 23:17:31,041 - INFO - Total EP points: 423
2025-11-26 23:17:31,454 - INFO - Saved plot as: return_curve.png
2025-11-27 01:14:19,048 - INFO - Detected log files (in order): ['train.log', 'train.log.1', 'train.log.2', 'train.log.3', 'train.log.4']
2025-11-27 01:14:19,050 - INFO - Parsing file: train.log
2025-11-27 01:14:19,060 - INFO - Parsing file: train.log.1
2025-11-27 01:14:19,101 - INFO - Parsing file: train.log.2
2025-11-27 01:14:19,141 - INFO - Parsing file: train.log.3
2025-11-27 01:14:19,181 - INFO - Parsing file: train.log.4
2025-11-27 01:14:19,221 - INFO - Total EP points: 852
2025-11-27 01:14:19,676 - INFO - Saved plot as: return_curve.png
2025-11-27 01:55:12,710 - INFO - Detected log files (in order): ['train.log', 'train.log.1', 'train.log.2', 'train.log.3', 'train.log.4']
2025-11-27 01:55:12,713 - INFO - Parsing file: train.log
2025-11-27 01:55:12,736 - INFO - Parsing file: train.log.1
2025-11-27 01:55:12,778 - INFO - Parsing file: train.log.2
2025-11-27 01:55:12,818 - INFO - Parsing file: train.log.3
2025-11-27 01:55:12,858 - INFO - Parsing file: train.log.4
2025-11-27 01:55:12,898 - INFO - Total EP points: 1025
2025-11-27 01:55:13,331 - INFO - Saved plot as: return_curve.png
2025-11-27 06:50:30,628 - INFO - Detected log files (in order): ['train.log', 'train.log.1', 'train.log.2', 'train.log.3', 'train.log.4', 'train.log.5']
2025-11-27 06:50:30,630 - INFO - Parsing file: train.log
2025-11-27 06:50:30,648 - INFO - Parsing file: train.log.1
2025-11-27 06:50:30,689 - INFO - Parsing file: train.log.2
2025-11-27 06:50:30,730 - INFO - Parsing file: train.log.3
2025-11-27 06:50:30,770 - INFO - Parsing file: train.log.4
2025-11-27 06:50:30,810 - INFO - Parsing file: train.log.5
2025-11-27 06:50:30,849 - INFO - Total EP points: 1546
2025-11-27 06:50:31,283 - INFO - Saved plot as: return_curve.png
