2025-11-24 11:06:24,642 - INFO - [MACS-MOF] Training start (EPOCHS=1500)
2025-11-24 11:06:24,642 - INFO - 
================================================================================
2025-11-24 11:06:24,642 - INFO - [EP 0] START
2025-11-24 11:06:24,642 - INFO - [EP 0] max_steps = 300
2025-11-24 11:06:25,265 - INFO - [EP 0] CIF loaded: mofs/train_pool_valid/qmof-c54951d.cif
2025-11-24 11:06:25,265 - INFO - [INIT] OBS_DIM=40,320, ACT_DIM=336
2025-11-24 11:06:25,515 - INFO - [INIT] Agent + ReplayBuffer allocated.
2025-11-24 11:06:25,862 - INFO - [EP 0][STEP 0] Natom=112 | Favg=0.329080 Fmax=0.839495 rew=-2.054533 | replay=1 | alpha=1.000000
2025-11-24 11:06:26,521 - INFO - [EP 0][STEP 1] Natom=112 | Favg=0.380987 Fmax=0.880540 rew=-6.744531 | replay=2 | alpha=1.000000
2025-11-24 11:06:27,140 - INFO - [EP 0][STEP 2] Natom=112 | Favg=0.440743 Fmax=1.192068 rew=-6.154658 | replay=3 | alpha=1.000000
2025-11-24 11:06:27,945 - INFO - [EP 0][STEP 3] Natom=112 | Favg=0.469991 Fmax=1.260563 rew=-2.468777 | replay=4 | alpha=1.000000
2025-11-24 11:06:28,047 - INFO - [EP 0][STEP 4] Natom=112 | Favg=0.516004 Fmax=1.573496 rew=-5.178132 | replay=5 | alpha=1.000000
2025-11-24 11:06:28,148 - INFO - [EP 0][STEP 5] Natom=112 | Favg=0.567454 Fmax=1.914062 rew=-2.689704 | replay=6 | alpha=1.000000
2025-11-24 11:06:28,249 - INFO - [EP 0][STEP 6] Natom=112 | Favg=0.563825 Fmax=1.898882 rew=-0.241949 | replay=7 | alpha=1.000000
2025-11-24 11:06:28,350 - INFO - [EP 0][STEP 7] Natom=112 | Favg=0.566385 Fmax=1.670384 rew=-0.627310 | replay=8 | alpha=1.000000
2025-11-24 11:06:28,451 - INFO - [EP 0][STEP 8] Natom=112 | Favg=0.599482 Fmax=2.041813 rew=-3.190343 | replay=9 | alpha=1.000000
2025-11-24 11:06:28,551 - INFO - [EP 0][STEP 9] Natom=112 | Favg=0.631627 Fmax=2.254955 rew=-2.982962 | replay=10 | alpha=1.000000
2025-11-24 11:06:28,652 - INFO - [EP 0][STEP 10] Natom=112 | Favg=0.661862 Fmax=2.409205 rew=-1.542278 | replay=11 | alpha=1.000000
2025-11-24 11:06:28,752 - INFO - [EP 0][STEP 11] Natom=112 | Favg=0.671299 Fmax=2.238684 rew=-1.541455 | replay=12 | alpha=1.000000
2025-11-24 11:06:28,853 - INFO - [EP 0][STEP 12] Natom=112 | Favg=0.697677 Fmax=2.107755 rew=-1.930303 | replay=13 | alpha=1.000000
2025-11-24 11:06:28,953 - INFO - [EP 0][STEP 13] Natom=112 | Favg=0.707703 Fmax=2.007022 rew=-0.945724 | replay=14 | alpha=1.000000
2025-11-24 11:06:29,053 - INFO - [EP 0][STEP 14] Natom=112 | Favg=0.714978 Fmax=2.116462 rew=-1.309701 | replay=15 | alpha=1.000000
2025-11-24 11:06:29,154 - INFO - [EP 0][STEP 15] Natom=112 | Favg=0.706216 Fmax=2.378556 rew=1.675461 | replay=16 | alpha=1.000000
2025-11-24 11:06:29,254 - INFO - [EP 0][STEP 16] Natom=112 | Favg=0.731140 Fmax=2.586001 rew=-2.056264 | replay=17 | alpha=1.000000
2025-11-24 11:06:29,356 - INFO - [EP 0][STEP 17] Natom=112 | Favg=0.706527 Fmax=2.689743 rew=2.882318 | replay=18 | alpha=1.000000
2025-11-24 11:06:29,457 - INFO - [EP 0][STEP 18] Natom=112 | Favg=0.714256 Fmax=2.566367 rew=-1.017989 | replay=19 | alpha=1.000000
2025-11-24 11:06:29,557 - INFO - [EP 0][STEP 19] Natom=112 | Favg=0.741636 Fmax=2.575484 rew=-1.205622 | replay=20 | alpha=1.000000
2025-11-24 11:06:29,658 - INFO - [EP 0][STEP 20] Natom=112 | Favg=0.739477 Fmax=2.688415 rew=0.737331 | replay=21 | alpha=1.000000
2025-11-24 11:06:29,758 - INFO - [EP 0][STEP 21] Natom=112 | Favg=0.752131 Fmax=2.861841 rew=-0.993292 | replay=22 | alpha=1.000000
2025-11-24 11:06:29,859 - INFO - [EP 0][STEP 22] Natom=112 | Favg=0.784953 Fmax=2.929436 rew=-3.018296 | replay=23 | alpha=1.000000
2025-11-24 11:06:29,959 - INFO - [EP 0][STEP 23] Natom=112 | Favg=0.819707 Fmax=3.045535 rew=-2.873209 | replay=24 | alpha=1.000000
2025-11-24 11:06:30,059 - INFO - [EP 0][STEP 24] Natom=112 | Favg=0.836417 Fmax=3.173534 rew=-0.521227 | replay=25 | alpha=1.000000
2025-11-24 11:06:30,160 - INFO - [EP 0][STEP 25] Natom=112 | Favg=0.872162 Fmax=2.983708 rew=-2.138968 | replay=26 | alpha=1.000000
2025-11-24 11:06:30,261 - INFO - [EP 0][STEP 26] Natom=112 | Favg=0.875620 Fmax=3.002766 rew=0.296763 | replay=27 | alpha=1.000000
2025-11-24 11:06:30,361 - INFO - [EP 0][STEP 27] Natom=112 | Favg=0.881669 Fmax=2.891129 rew=0.347782 | replay=28 | alpha=1.000000
2025-11-24 11:06:30,461 - INFO - [EP 0][STEP 28] Natom=112 | Favg=0.918367 Fmax=2.991120 rew=-2.502403 | replay=29 | alpha=1.000000
2025-11-24 11:06:30,561 - INFO - [EP 0][STEP 29] Natom=112 | Favg=0.943876 Fmax=3.200327 rew=-1.919394 | replay=30 | alpha=1.000000
2025-11-24 11:06:30,662 - INFO - [EP 0][STEP 30] Natom=112 | Favg=0.939030 Fmax=3.381825 rew=0.796066 | replay=31 | alpha=1.000000
2025-11-24 11:06:30,762 - INFO - [EP 0][STEP 31] Natom=112 | Favg=0.934814 Fmax=3.141211 rew=0.240672 | replay=32 | alpha=1.000000
2025-11-24 11:06:30,862 - INFO - [EP 0][STEP 32] Natom=112 | Favg=0.940713 Fmax=3.226675 rew=-0.468996 | replay=33 | alpha=1.000000
2025-11-24 11:06:30,963 - INFO - [EP 0][STEP 33] Natom=112 | Favg=0.940656 Fmax=3.072259 rew=-0.347201 | replay=34 | alpha=1.000000
2025-11-24 11:06:31,063 - INFO - [EP 0][STEP 34] Natom=112 | Favg=0.940232 Fmax=3.193415 rew=-0.286421 | replay=35 | alpha=1.000000
2025-11-24 11:06:31,164 - INFO - [EP 0][STEP 35] Natom=112 | Favg=0.962006 Fmax=3.386842 rew=-0.497617 | replay=36 | alpha=1.000000
2025-11-24 11:06:31,264 - INFO - [EP 0][STEP 36] Natom=112 | Favg=0.969759 Fmax=3.377117 rew=-0.510300 | replay=37 | alpha=1.000000
2025-11-24 11:06:31,365 - INFO - [EP 0][STEP 37] Natom=112 | Favg=0.992222 Fmax=3.576880 rew=0.867998 | replay=38 | alpha=1.000000
2025-11-24 11:06:31,465 - INFO - [EP 0][STEP 38] Natom=112 | Favg=0.995583 Fmax=3.691560 rew=-1.132780 | replay=39 | alpha=1.000000
2025-11-24 11:06:31,566 - INFO - [EP 0][STEP 39] Natom=112 | Favg=1.009392 Fmax=3.632358 rew=-0.555845 | replay=40 | alpha=1.000000
2025-11-24 11:06:31,666 - INFO - [EP 0][STEP 40] Natom=112 | Favg=1.001530 Fmax=3.449252 rew=0.201848 | replay=41 | alpha=1.000000
2025-11-24 11:06:31,767 - INFO - [EP 0][STEP 41] Natom=112 | Favg=1.016890 Fmax=3.550386 rew=-1.169166 | replay=42 | alpha=1.000000
2025-11-24 11:06:31,867 - INFO - [EP 0][STEP 42] Natom=112 | Favg=1.016260 Fmax=3.425443 rew=-0.032026 | replay=43 | alpha=1.000000
2025-11-24 11:06:31,968 - INFO - [EP 0][STEP 43] Natom=112 | Favg=1.000941 Fmax=3.345946 rew=1.522273 | replay=44 | alpha=1.000000
2025-11-24 11:06:32,069 - INFO - [EP 0][STEP 44] Natom=112 | Favg=1.022670 Fmax=3.497536 rew=-1.485028 | replay=45 | alpha=1.000000
2025-11-24 11:06:32,187 - INFO - [EP 0][STEP 45] Natom=112 | Favg=1.034638 Fmax=3.522316 rew=-0.757728 | replay=46 | alpha=1.000000
2025-11-24 11:06:32,287 - INFO - [EP 0][STEP 46] Natom=112 | Favg=1.039358 Fmax=3.742060 rew=0.140936 | replay=47 | alpha=1.000000
2025-11-24 11:06:32,388 - INFO - [EP 0][STEP 47] Natom=112 | Favg=1.055021 Fmax=3.556236 rew=-0.421220 | replay=48 | alpha=1.000000
2025-11-24 11:06:32,489 - INFO - [EP 0][STEP 48] Natom=112 | Favg=1.038680 Fmax=3.457915 rew=1.081944 | replay=49 | alpha=1.000000
2025-11-24 11:06:32,590 - INFO - [EP 0][STEP 49] Natom=112 | Favg=1.037908 Fmax=3.326242 rew=-0.385935 | replay=50 | alpha=1.000000
2025-11-24 11:06:32,690 - INFO - [EP 0][STEP 50] Natom=112 | Favg=1.062858 Fmax=3.485766 rew=-1.520533 | replay=51 | alpha=1.000000
2025-11-24 11:06:32,791 - INFO - [EP 0][STEP 51] Natom=112 | Favg=1.058334 Fmax=3.626270 rew=0.346114 | replay=52 | alpha=1.000000
2025-11-24 11:06:32,891 - INFO - [EP 0][STEP 52] Natom=112 | Favg=1.062869 Fmax=3.764255 rew=-0.807857 | replay=53 | alpha=1.000000
2025-11-24 11:06:32,992 - INFO - [EP 0][STEP 53] Natom=112 | Favg=1.073575 Fmax=3.591018 rew=-0.299781 | replay=54 | alpha=1.000000
2025-11-24 11:06:33,093 - INFO - [EP 0][STEP 54] Natom=112 | Favg=1.078566 Fmax=3.631182 rew=1.114008 | replay=55 | alpha=1.000000
2025-11-24 11:06:33,193 - INFO - [EP 0][STEP 55] Natom=112 | Favg=1.063670 Fmax=3.688760 rew=0.416311 | replay=56 | alpha=1.000000
2025-11-24 11:06:33,294 - INFO - [EP 0][STEP 56] Natom=112 | Favg=1.050504 Fmax=3.670501 rew=0.231730 | replay=57 | alpha=1.000000
2025-11-24 11:06:33,394 - INFO - [EP 0][STEP 57] Natom=112 | Favg=1.061310 Fmax=3.709148 rew=-0.412637 | replay=58 | alpha=1.000000
2025-11-24 11:06:33,495 - INFO - [EP 0][STEP 58] Natom=112 | Favg=1.066647 Fmax=3.414590 rew=-1.271581 | replay=59 | alpha=1.000000
2025-11-24 11:06:33,595 - INFO - [EP 0][STEP 59] Natom=112 | Favg=1.056146 Fmax=3.415448 rew=0.617528 | replay=60 | alpha=1.000000
2025-11-24 11:06:33,696 - INFO - [EP 0][STEP 60] Natom=112 | Favg=1.065344 Fmax=3.635285 rew=0.437311 | replay=61 | alpha=1.000000
2025-11-24 11:06:33,796 - INFO - [EP 0][STEP 61] Natom=112 | Favg=1.082346 Fmax=3.551912 rew=-0.558241 | replay=62 | alpha=1.000000
2025-11-24 11:06:33,897 - INFO - [EP 0][STEP 62] Natom=112 | Favg=1.077920 Fmax=3.530010 rew=-0.855031 | replay=63 | alpha=1.000000
2025-11-24 11:06:33,997 - INFO - [EP 0][STEP 63] Natom=112 | Favg=1.092683 Fmax=3.538056 rew=-0.025758 | replay=64 | alpha=1.000000
2025-11-24 11:06:34,182 - INFO - [EP 0][STEP 64] Natom=112 | Favg=1.099426 Fmax=3.633744 rew=-0.316675 | replay=65 | alpha=0.999700
2025-11-24 11:06:34,301 - INFO - [EP 0][STEP 65] Natom=112 | Favg=1.126119 Fmax=3.819102 rew=-2.268519 | replay=66 | alpha=0.999400
2025-11-24 11:06:34,427 - INFO - [EP 0][STEP 66] Natom=112 | Favg=1.155898 Fmax=4.010248 rew=-1.027020 | replay=67 | alpha=0.999100
2025-11-24 11:06:34,543 - INFO - [EP 0][STEP 67] Natom=112 | Favg=1.145585 Fmax=3.968143 rew=0.693732 | replay=68 | alpha=0.998801
2025-11-24 11:06:34,668 - INFO - [EP 0][STEP 68] Natom=112 | Favg=1.160855 Fmax=3.994400 rew=-0.603512 | replay=69 | alpha=0.998501
2025-11-24 11:06:34,785 - INFO - [EP 0][STEP 69] Natom=112 | Favg=1.173964 Fmax=4.216078 rew=-0.422878 | replay=70 | alpha=0.998201
2025-11-24 11:06:34,910 - INFO - [EP 0][STEP 70] Natom=112 | Favg=1.179016 Fmax=4.227577 rew=-0.610058 | replay=71 | alpha=0.997902
2025-11-24 11:06:35,027 - INFO - [EP 0][STEP 71] Natom=112 | Favg=1.193366 Fmax=4.339186 rew=-0.345000 | replay=72 | alpha=0.997602
2025-11-24 11:06:35,152 - INFO - [EP 0][STEP 72] Natom=112 | Favg=1.215909 Fmax=4.270518 rew=-1.190858 | replay=73 | alpha=0.997303
2025-11-24 11:06:35,269 - INFO - [EP 0][STEP 73] Natom=112 | Favg=1.220199 Fmax=3.978580 rew=-0.668364 | replay=74 | alpha=0.997004
2025-11-24 11:06:35,394 - INFO - [EP 0][STEP 74] Natom=112 | Favg=1.227799 Fmax=3.912215 rew=-0.174700 | replay=75 | alpha=0.996704
2025-11-24 11:06:35,510 - INFO - [EP 0][STEP 75] Natom=112 | Favg=1.216014 Fmax=3.914683 rew=0.540995 | replay=76 | alpha=0.996405
2025-11-24 11:06:35,636 - INFO - [EP 0][STEP 76] Natom=112 | Favg=1.228974 Fmax=3.885643 rew=-0.312217 | replay=77 | alpha=0.996106
2025-11-24 11:06:35,753 - INFO - [EP 0][STEP 77] Natom=112 | Favg=1.232061 Fmax=3.810651 rew=-0.249090 | replay=78 | alpha=0.995807
2025-11-24 11:06:35,878 - INFO - [EP 0][STEP 78] Natom=112 | Favg=1.255620 Fmax=3.920854 rew=-1.099174 | replay=79 | alpha=0.995508
2025-11-24 11:06:35,995 - INFO - [EP 0][STEP 79] Natom=112 | Favg=1.279884 Fmax=3.928594 rew=-1.417606 | replay=80 | alpha=0.995209
2025-11-24 11:06:36,119 - INFO - [EP 0][STEP 80] Natom=112 | Favg=1.284503 Fmax=3.936562 rew=0.093547 | replay=81 | alpha=0.994910
2025-11-24 11:06:36,237 - INFO - [EP 0][STEP 81] Natom=112 | Favg=1.285209 Fmax=3.819656 rew=-0.028870 | replay=82 | alpha=0.994612
2025-11-24 11:06:36,362 - INFO - [EP 0][STEP 82] Natom=112 | Favg=1.305605 Fmax=4.071482 rew=-0.925229 | replay=83 | alpha=0.994313
2025-11-24 11:06:36,479 - INFO - [EP 0][STEP 83] Natom=112 | Favg=1.310080 Fmax=4.134315 rew=-0.504292 | replay=84 | alpha=0.994015
2025-11-24 11:06:36,604 - INFO - [EP 0][STEP 84] Natom=112 | Favg=1.321752 Fmax=4.130182 rew=-0.326569 | replay=85 | alpha=0.993716
2025-11-24 11:06:36,720 - INFO - [EP 0][STEP 85] Natom=112 | Favg=1.332852 Fmax=4.152172 rew=-0.282776 | replay=86 | alpha=0.993418
2025-11-24 11:06:36,846 - INFO - [EP 0][STEP 86] Natom=112 | Favg=1.313498 Fmax=4.305378 rew=1.137094 | replay=87 | alpha=0.993120
2025-11-24 11:06:36,963 - INFO - [EP 0][STEP 87] Natom=112 | Favg=1.348663 Fmax=4.302180 rew=-1.207745 | replay=88 | alpha=0.992822
2025-11-24 11:06:37,088 - INFO - [EP 0][STEP 88] Natom=112 | Favg=1.342388 Fmax=4.438115 rew=0.073205 | replay=89 | alpha=0.992523
2025-11-24 11:06:37,205 - INFO - [EP 0][STEP 89] Natom=112 | Favg=1.366464 Fmax=4.604125 rew=-0.487703 | replay=90 | alpha=0.992225
2025-11-24 11:06:37,330 - INFO - [EP 0][STEP 90] Natom=112 | Favg=1.337011 Fmax=4.371894 rew=0.277596 | replay=91 | alpha=0.991928
2025-11-24 11:06:37,448 - INFO - [EP 0][STEP 91] Natom=112 | Favg=1.325096 Fmax=4.218912 rew=0.515706 | replay=92 | alpha=0.991630
2025-11-24 11:06:37,573 - INFO - [EP 0][STEP 92] Natom=112 | Favg=1.326761 Fmax=4.062839 rew=0.453734 | replay=93 | alpha=0.991332
2025-11-24 11:06:37,689 - INFO - [EP 0][STEP 93] Natom=112 | Favg=1.326679 Fmax=4.123981 rew=0.655803 | replay=94 | alpha=0.991034
2025-11-24 11:06:37,815 - INFO - [EP 0][STEP 94] Natom=112 | Favg=1.327038 Fmax=3.983042 rew=-1.724718 | replay=95 | alpha=0.990737
2025-11-24 11:06:37,932 - INFO - [EP 0][STEP 95] Natom=112 | Favg=1.322469 Fmax=3.855757 rew=0.281876 | replay=96 | alpha=0.990439
2025-11-24 11:06:38,057 - INFO - [EP 0][STEP 96] Natom=112 | Favg=1.319552 Fmax=3.886363 rew=0.025955 | replay=97 | alpha=0.990142
2025-11-24 11:06:38,173 - INFO - [EP 0][STEP 97] Natom=112 | Favg=1.313285 Fmax=3.818242 rew=-0.672409 | replay=98 | alpha=0.989845
2025-11-24 11:06:38,298 - INFO - [EP 0][STEP 98] Natom=112 | Favg=1.296169 Fmax=3.722299 rew=0.712169 | replay=99 | alpha=0.989547
2025-11-24 11:06:38,415 - INFO - [EP 0][STEP 99] Natom=112 | Favg=1.300238 Fmax=3.753731 rew=-0.487807 | replay=100 | alpha=0.989250
2025-11-24 11:06:38,540 - INFO - [EP 0][STEP 100] Natom=112 | Favg=1.295115 Fmax=3.911307 rew=0.041905 | replay=101 | alpha=0.988953
2025-11-24 11:06:38,657 - INFO - [EP 0][STEP 101] Natom=112 | Favg=1.286326 Fmax=3.851126 rew=0.481545 | replay=102 | alpha=0.988656
2025-11-24 11:06:38,783 - INFO - [EP 0][STEP 102] Natom=112 | Favg=1.287511 Fmax=3.964100 rew=0.471304 | replay=103 | alpha=0.988360
2025-11-24 11:06:38,900 - INFO - [EP 0][STEP 103] Natom=112 | Favg=1.289227 Fmax=3.777013 rew=0.365410 | replay=104 | alpha=0.988063
2025-11-24 11:06:39,025 - INFO - [EP 0][STEP 104] Natom=112 | Favg=1.296059 Fmax=3.887428 rew=-0.579131 | replay=105 | alpha=0.987766
2025-11-24 11:06:39,142 - INFO - [EP 0][STEP 105] Natom=112 | Favg=1.291108 Fmax=3.908393 rew=0.565971 | replay=106 | alpha=0.987470
2025-11-24 11:06:39,267 - INFO - [EP 0][STEP 106] Natom=112 | Favg=1.291690 Fmax=3.883286 rew=0.336291 | replay=107 | alpha=0.987173
2025-11-24 11:06:39,384 - INFO - [EP 0][STEP 107] Natom=112 | Favg=1.308302 Fmax=3.818922 rew=-0.770529 | replay=108 | alpha=0.986877
2025-11-24 11:06:39,509 - INFO - [EP 0][STEP 108] Natom=112 | Favg=1.330076 Fmax=4.045441 rew=-1.593929 | replay=109 | alpha=0.986581
2025-11-24 11:06:39,626 - INFO - [EP 0][STEP 109] Natom=112 | Favg=1.348938 Fmax=4.179124 rew=-0.558417 | replay=110 | alpha=0.986284
2025-11-24 11:06:39,751 - INFO - [EP 0][STEP 110] Natom=112 | Favg=1.358882 Fmax=4.046375 rew=-0.552959 | replay=111 | alpha=0.985988
2025-11-24 11:06:39,868 - INFO - [EP 0][STEP 111] Natom=112 | Favg=1.377214 Fmax=4.166445 rew=-0.288453 | replay=112 | alpha=0.985692
2025-11-24 11:06:39,994 - INFO - [EP 0][STEP 112] Natom=112 | Favg=1.388473 Fmax=4.217716 rew=-0.714421 | replay=113 | alpha=0.985396
2025-11-24 11:06:40,111 - INFO - [EP 0][STEP 113] Natom=112 | Favg=1.404534 Fmax=4.353429 rew=-0.259176 | replay=114 | alpha=0.985101
2025-11-24 11:06:40,235 - INFO - [EP 0][STEP 114] Natom=112 | Favg=1.399073 Fmax=4.501133 rew=0.306765 | replay=115 | alpha=0.984805
2025-11-24 11:06:40,352 - INFO - [EP 0][STEP 115] Natom=112 | Favg=1.409008 Fmax=4.234532 rew=-0.301832 | replay=116 | alpha=0.984509
2025-11-24 11:06:40,477 - INFO - [EP 0][STEP 116] Natom=112 | Favg=1.426486 Fmax=4.284909 rew=-0.593134 | replay=117 | alpha=0.984214
2025-11-24 11:06:40,595 - INFO - [EP 0][STEP 117] Natom=112 | Favg=1.437138 Fmax=4.181519 rew=-0.153149 | replay=118 | alpha=0.983918
2025-11-24 11:06:40,720 - INFO - [EP 0][STEP 118] Natom=112 | Favg=1.432265 Fmax=4.361955 rew=0.800182 | replay=119 | alpha=0.983623
2025-11-24 11:06:40,837 - INFO - [EP 0][STEP 119] Natom=112 | Favg=1.431098 Fmax=4.540271 rew=0.104031 | replay=120 | alpha=0.983327
2025-11-24 11:06:40,962 - INFO - [EP 0][STEP 120] Natom=112 | Favg=1.439061 Fmax=4.534484 rew=-0.074615 | replay=121 | alpha=0.983032
2025-11-24 11:06:41,079 - INFO - [EP 0][STEP 121] Natom=112 | Favg=1.433951 Fmax=4.669496 rew=-0.252625 | replay=122 | alpha=0.982737
2025-11-24 11:06:41,203 - INFO - [EP 0][STEP 122] Natom=112 | Favg=1.439678 Fmax=4.746191 rew=-0.461255 | replay=123 | alpha=0.982442
2025-11-24 11:06:41,320 - INFO - [EP 0][STEP 123] Natom=112 | Favg=1.428329 Fmax=4.652176 rew=0.637381 | replay=124 | alpha=0.982147
2025-11-24 11:06:41,445 - INFO - [EP 0][STEP 124] Natom=112 | Favg=1.452951 Fmax=4.663055 rew=-1.002350 | replay=125 | alpha=0.981852
2025-11-24 11:06:41,561 - INFO - [EP 0][STEP 125] Natom=112 | Favg=1.457878 Fmax=4.789218 rew=-0.032451 | replay=126 | alpha=0.981558
2025-11-24 11:06:41,686 - INFO - [EP 0][STEP 126] Natom=112 | Favg=1.456048 Fmax=4.714061 rew=-0.485863 | replay=127 | alpha=0.981263
2025-11-24 11:06:41,804 - INFO - [EP 0][STEP 127] Natom=112 | Favg=1.457672 Fmax=4.810552 rew=0.190908 | replay=128 | alpha=0.980968
2025-11-24 11:06:41,929 - INFO - [EP 0][STEP 128] Natom=112 | Favg=1.440687 Fmax=4.959836 rew=0.490222 | replay=129 | alpha=0.980674
2025-11-24 11:06:42,046 - INFO - [EP 0][STEP 129] Natom=112 | Favg=1.473911 Fmax=4.883123 rew=-1.236097 | replay=130 | alpha=0.980380
2025-11-24 11:06:42,171 - INFO - [EP 0][STEP 130] Natom=112 | Favg=1.484053 Fmax=4.604004 rew=-0.495729 | replay=131 | alpha=0.980085
2025-11-24 11:06:42,288 - INFO - [EP 0][STEP 131] Natom=112 | Favg=1.483417 Fmax=4.633922 rew=0.601006 | replay=132 | alpha=0.979791
2025-11-24 11:06:42,412 - INFO - [EP 0][STEP 132] Natom=112 | Favg=1.480937 Fmax=4.754526 rew=-0.150008 | replay=133 | alpha=0.979497
2025-11-24 11:06:42,529 - INFO - [EP 0][STEP 133] Natom=112 | Favg=1.482076 Fmax=4.874075 rew=-0.176985 | replay=134 | alpha=0.979203
2025-11-24 11:06:42,654 - INFO - [EP 0][STEP 134] Natom=112 | Favg=1.492244 Fmax=5.226586 rew=0.219178 | replay=135 | alpha=0.978909
2025-11-24 11:06:42,771 - INFO - [EP 0][STEP 135] Natom=112 | Favg=1.485025 Fmax=4.978626 rew=-0.592692 | replay=136 | alpha=0.978615
2025-11-24 11:06:42,896 - INFO - [EP 0][STEP 136] Natom=112 | Favg=1.479539 Fmax=4.826062 rew=0.180092 | replay=137 | alpha=0.978321
2025-11-24 11:06:43,012 - INFO - [EP 0][STEP 137] Natom=112 | Favg=1.490764 Fmax=4.794900 rew=-0.091068 | replay=138 | alpha=0.978028
2025-11-24 11:06:43,138 - INFO - [EP 0][STEP 138] Natom=112 | Favg=1.499051 Fmax=4.679865 rew=0.486437 | replay=139 | alpha=0.977734
2025-11-24 11:06:43,254 - INFO - [EP 0][STEP 139] Natom=112 | Favg=1.528929 Fmax=4.991988 rew=-1.512223 | replay=140 | alpha=0.977441
2025-11-24 11:06:43,379 - INFO - [EP 0][STEP 140] Natom=112 | Favg=1.555340 Fmax=4.957747 rew=-0.504498 | replay=141 | alpha=0.977147
2025-11-24 11:06:43,496 - INFO - [EP 0][STEP 141] Natom=112 | Favg=1.554865 Fmax=4.727686 rew=0.725622 | replay=142 | alpha=0.976854
2025-11-24 11:06:43,621 - INFO - [EP 0][STEP 142] Natom=112 | Favg=1.569655 Fmax=4.766777 rew=-0.437951 | replay=143 | alpha=0.976561
2025-11-24 11:06:43,738 - INFO - [EP 0][STEP 143] Natom=112 | Favg=1.571979 Fmax=4.561415 rew=-0.756058 | replay=144 | alpha=0.976268
2025-11-24 11:06:43,863 - INFO - [EP 0][STEP 144] Natom=112 | Favg=1.591767 Fmax=4.636639 rew=-0.489091 | replay=145 | alpha=0.975975
2025-11-24 11:06:43,980 - INFO - [EP 0][STEP 145] Natom=112 | Favg=1.629223 Fmax=4.439432 rew=-0.559134 | replay=146 | alpha=0.975682
2025-11-24 11:06:44,104 - INFO - [EP 0][STEP 146] Natom=112 | Favg=1.628832 Fmax=4.350060 rew=0.815678 | replay=147 | alpha=0.975389
2025-11-24 11:06:44,221 - INFO - [EP 0][STEP 147] Natom=112 | Favg=1.651870 Fmax=4.525635 rew=-1.640062 | replay=148 | alpha=0.975096
2025-11-24 11:06:44,347 - INFO - [EP 0][STEP 148] Natom=112 | Favg=1.656495 Fmax=4.563021 rew=-0.291569 | replay=149 | alpha=0.974804
2025-11-24 11:06:44,464 - INFO - [EP 0][STEP 149] Natom=112 | Favg=1.651951 Fmax=4.653439 rew=-0.146023 | replay=150 | alpha=0.974511
2025-11-24 11:06:44,588 - INFO - [EP 0][STEP 150] Natom=112 | Favg=1.645829 Fmax=4.559643 rew=0.198342 | replay=151 | alpha=0.974219
2025-11-24 11:06:44,706 - INFO - [EP 0][STEP 151] Natom=112 | Favg=1.628206 Fmax=4.450940 rew=0.867669 | replay=152 | alpha=0.973926
2025-11-24 11:06:44,831 - INFO - [EP 0][STEP 152] Natom=112 | Favg=1.622020 Fmax=4.267862 rew=-0.409901 | replay=153 | alpha=0.973634
2025-11-24 11:06:44,947 - INFO - [EP 0][STEP 153] Natom=112 | Favg=1.640708 Fmax=4.375401 rew=-1.213781 | replay=154 | alpha=0.973342
2025-11-24 11:06:45,072 - INFO - [EP 0][STEP 154] Natom=112 | Favg=1.640559 Fmax=4.268126 rew=1.146356 | replay=155 | alpha=0.973050
2025-11-24 11:06:45,191 - INFO - [EP 0][STEP 155] Natom=112 | Favg=1.628041 Fmax=4.323315 rew=1.068009 | replay=156 | alpha=0.972758
2025-11-24 11:06:45,316 - INFO - [EP 0][STEP 156] Natom=112 | Favg=1.637518 Fmax=4.328830 rew=0.125160 | replay=157 | alpha=0.972466
2025-11-24 11:06:45,432 - INFO - [EP 0][STEP 157] Natom=112 | Favg=1.631115 Fmax=4.142020 rew=-0.125440 | replay=158 | alpha=0.972174
2025-11-24 11:06:45,557 - INFO - [EP 0][STEP 158] Natom=112 | Favg=1.608983 Fmax=4.247510 rew=0.966072 | replay=159 | alpha=0.971882
2025-11-24 11:06:45,674 - INFO - [EP 0][STEP 159] Natom=112 | Favg=1.627137 Fmax=4.652773 rew=-1.051256 | replay=160 | alpha=0.971591
2025-11-24 11:06:45,799 - INFO - [EP 0][STEP 160] Natom=112 | Favg=1.611049 Fmax=4.812185 rew=1.078455 | replay=161 | alpha=0.971299
2025-11-24 11:06:45,916 - INFO - [EP 0][STEP 161] Natom=112 | Favg=1.626687 Fmax=4.688429 rew=-1.209278 | replay=162 | alpha=0.971008
2025-11-24 11:06:46,041 - INFO - [EP 0][STEP 162] Natom=112 | Favg=1.629260 Fmax=4.678946 rew=-0.212232 | replay=163 | alpha=0.970716
2025-11-24 11:06:46,157 - INFO - [EP 0][STEP 163] Natom=112 | Favg=1.652503 Fmax=4.638600 rew=-0.087007 | replay=164 | alpha=0.970425
2025-11-24 11:06:46,282 - INFO - [EP 0][STEP 164] Natom=112 | Favg=1.679013 Fmax=4.575109 rew=-1.430200 | replay=165 | alpha=0.970134
2025-11-24 11:06:46,399 - INFO - [EP 0][STEP 165] Natom=112 | Favg=1.662445 Fmax=4.586297 rew=0.334106 | replay=166 | alpha=0.969843
2025-11-24 11:06:46,524 - INFO - [EP 0][STEP 166] Natom=112 | Favg=1.653230 Fmax=4.559437 rew=1.215713 | replay=167 | alpha=0.969552
2025-11-24 11:06:46,641 - INFO - [EP 0][STEP 167] Natom=112 | Favg=1.682622 Fmax=4.629714 rew=-1.081209 | replay=168 | alpha=0.969261
2025-11-24 11:06:46,765 - INFO - [EP 0][STEP 168] Natom=112 | Favg=1.690257 Fmax=4.600539 rew=-0.002862 | replay=169 | alpha=0.968970
2025-11-24 11:06:46,882 - INFO - [EP 0][STEP 169] Natom=112 | Favg=1.691983 Fmax=4.574347 rew=-0.654592 | replay=170 | alpha=0.968679
2025-11-24 11:06:47,007 - INFO - [EP 0][STEP 170] Natom=112 | Favg=1.695343 Fmax=4.700547 rew=0.357351 | replay=171 | alpha=0.968388
2025-11-24 11:06:47,124 - INFO - [EP 0][STEP 171] Natom=112 | Favg=1.694721 Fmax=4.511536 rew=0.323863 | replay=172 | alpha=0.968098
2025-11-24 11:06:47,249 - INFO - [EP 0][STEP 172] Natom=112 | Favg=1.716314 Fmax=4.853635 rew=-0.549421 | replay=173 | alpha=0.967807
2025-11-24 11:06:47,375 - INFO - [EP 0][STEP 173] Natom=112 | Favg=1.740498 Fmax=4.859230 rew=-1.505369 | replay=174 | alpha=0.967517
2025-11-24 11:06:47,500 - INFO - [EP 0][STEP 174] Natom=112 | Favg=1.775160 Fmax=5.018786 rew=-1.447611 | replay=175 | alpha=0.967226
2025-11-24 11:06:47,617 - INFO - [EP 0][STEP 175] Natom=112 | Favg=1.786940 Fmax=5.214360 rew=-0.537777 | replay=176 | alpha=0.966936
2025-11-24 11:06:47,743 - INFO - [EP 0][STEP 176] Natom=112 | Favg=1.783766 Fmax=5.222285 rew=0.942790 | replay=177 | alpha=0.966646
2025-11-24 11:06:47,859 - INFO - [EP 0][STEP 177] Natom=112 | Favg=1.743485 Fmax=5.021248 rew=1.185275 | replay=178 | alpha=0.966356
2025-11-24 11:06:47,984 - INFO - [EP 0][STEP 178] Natom=112 | Favg=1.745886 Fmax=4.964680 rew=-0.201025 | replay=179 | alpha=0.966066
2025-11-24 11:06:48,101 - INFO - [EP 0][STEP 179] Natom=112 | Favg=1.753011 Fmax=5.093172 rew=0.201683 | replay=180 | alpha=0.965776
2025-11-24 11:06:48,226 - INFO - [EP 0][STEP 180] Natom=112 | Favg=1.763411 Fmax=5.071977 rew=-1.179561 | replay=181 | alpha=0.965486
2025-11-24 11:06:48,343 - INFO - [EP 0][STEP 181] Natom=112 | Favg=1.776320 Fmax=5.246579 rew=-0.919757 | replay=182 | alpha=0.965196
2025-11-24 11:06:48,468 - INFO - [EP 0][STEP 182] Natom=112 | Favg=1.788298 Fmax=5.264696 rew=-0.285517 | replay=183 | alpha=0.964906
2025-11-24 11:06:48,584 - INFO - [EP 0][STEP 183] Natom=112 | Favg=1.791524 Fmax=5.522418 rew=0.805903 | replay=184 | alpha=0.964617
2025-11-24 11:06:48,709 - INFO - [EP 0][STEP 184] Natom=112 | Favg=1.785732 Fmax=5.392693 rew=-0.310363 | replay=185 | alpha=0.964327
2025-11-24 11:06:48,826 - INFO - [EP 0][STEP 185] Natom=112 | Favg=1.781209 Fmax=5.537918 rew=-0.107410 | replay=186 | alpha=0.964038
2025-11-24 11:06:48,951 - INFO - [EP 0][STEP 186] Natom=112 | Favg=1.793893 Fmax=5.597980 rew=-0.778913 | replay=187 | alpha=0.963749
2025-11-24 11:06:49,068 - INFO - [EP 0][STEP 187] Natom=112 | Favg=1.795284 Fmax=5.632540 rew=-0.194525 | replay=188 | alpha=0.963459
2025-11-24 11:06:49,193 - INFO - [EP 0][STEP 188] Natom=112 | Favg=1.801924 Fmax=5.560526 rew=0.013952 | replay=189 | alpha=0.963170
2025-11-24 11:06:49,310 - INFO - [EP 0][STEP 189] Natom=112 | Favg=1.791207 Fmax=5.766087 rew=0.524920 | replay=190 | alpha=0.962881
2025-11-24 11:06:49,435 - INFO - [EP 0][STEP 190] Natom=112 | Favg=1.809379 Fmax=5.685113 rew=-0.657240 | replay=191 | alpha=0.962592
2025-11-24 11:06:49,552 - INFO - [EP 0][STEP 191] Natom=112 | Favg=1.784240 Fmax=5.757429 rew=0.679986 | replay=192 | alpha=0.962304
2025-11-24 11:06:49,677 - INFO - [EP 0][STEP 192] Natom=112 | Favg=1.777924 Fmax=5.611238 rew=-0.544752 | replay=193 | alpha=0.962015
2025-11-24 11:06:49,794 - INFO - [EP 0][STEP 193] Natom=112 | Favg=1.760618 Fmax=5.405682 rew=0.333012 | replay=194 | alpha=0.961726
2025-11-24 11:06:49,920 - INFO - [EP 0][STEP 194] Natom=112 | Favg=1.750237 Fmax=5.489914 rew=0.834884 | replay=195 | alpha=0.961438
2025-11-24 11:06:50,036 - INFO - [EP 0][STEP 195] Natom=112 | Favg=1.747904 Fmax=5.579332 rew=0.644538 | replay=196 | alpha=0.961149
2025-11-24 11:06:50,162 - INFO - [EP 0][STEP 196] Natom=112 | Favg=1.772436 Fmax=5.459476 rew=-0.952136 | replay=197 | alpha=0.960861
2025-11-24 11:06:50,279 - INFO - [EP 0][STEP 197] Natom=112 | Favg=1.765925 Fmax=5.500399 rew=0.124790 | replay=198 | alpha=0.960572
2025-11-24 11:06:50,404 - INFO - [EP 0][STEP 198] Natom=112 | Favg=1.770528 Fmax=5.455134 rew=-0.070102 | replay=199 | alpha=0.960284
2025-11-24 11:06:50,521 - INFO - [EP 0][STEP 199] Natom=112 | Favg=1.764621 Fmax=5.474965 rew=0.513406 | replay=200 | alpha=0.959996
2025-11-24 11:06:50,646 - INFO - [EP 0][STEP 200] Natom=112 | Favg=1.789791 Fmax=5.618694 rew=-1.089372 | replay=201 | alpha=0.959708
2025-11-24 11:06:50,763 - INFO - [EP 0][STEP 201] Natom=112 | Favg=1.802361 Fmax=5.713234 rew=-0.422929 | replay=202 | alpha=0.959420
2025-11-24 11:06:50,888 - INFO - [EP 0][STEP 202] Natom=112 | Favg=1.797433 Fmax=5.785785 rew=0.315516 | replay=203 | alpha=0.959132
2025-11-24 11:06:51,005 - INFO - [EP 0][STEP 203] Natom=112 | Favg=1.802010 Fmax=5.678917 rew=-0.231402 | replay=204 | alpha=0.958844
2025-11-24 11:06:51,130 - INFO - [EP 0][STEP 204] Natom=112 | Favg=1.810190 Fmax=5.755543 rew=0.598350 | replay=205 | alpha=0.958556
2025-11-24 11:06:51,247 - INFO - [EP 0][STEP 205] Natom=112 | Favg=1.828891 Fmax=6.147455 rew=-0.428252 | replay=206 | alpha=0.958269
2025-11-24 11:06:51,371 - INFO - [EP 0][STEP 206] Natom=112 | Favg=1.848846 Fmax=6.231355 rew=-0.269902 | replay=207 | alpha=0.957981
2025-11-24 11:06:51,488 - INFO - [EP 0][STEP 207] Natom=112 | Favg=1.843701 Fmax=6.236535 rew=0.352441 | replay=208 | alpha=0.957694
2025-11-24 11:06:51,613 - INFO - [EP 0][STEP 208] Natom=112 | Favg=1.837411 Fmax=6.247286 rew=-0.329744 | replay=209 | alpha=0.957406
2025-11-24 11:06:51,730 - INFO - [EP 0][STEP 209] Natom=112 | Favg=1.825078 Fmax=6.083266 rew=0.603820 | replay=210 | alpha=0.957119
2025-11-24 11:06:51,855 - INFO - [EP 0][STEP 210] Natom=112 | Favg=1.841078 Fmax=6.077318 rew=-1.021217 | replay=211 | alpha=0.956832
2025-11-24 11:06:51,972 - INFO - [EP 0][STEP 211] Natom=112 | Favg=1.863878 Fmax=6.109969 rew=-0.801335 | replay=212 | alpha=0.956545
2025-11-24 11:06:52,096 - INFO - [EP 0][STEP 212] Natom=112 | Favg=1.877337 Fmax=6.575949 rew=-0.171572 | replay=213 | alpha=0.956258
2025-11-24 11:06:52,213 - INFO - [EP 0][STEP 213] Natom=112 | Favg=1.891078 Fmax=6.650109 rew=0.007517 | replay=214 | alpha=0.955971
2025-11-24 11:06:52,338 - INFO - [EP 0][STEP 214] Natom=112 | Favg=1.916523 Fmax=6.932161 rew=-0.043719 | replay=215 | alpha=0.955684
2025-11-24 11:06:52,455 - INFO - [EP 0][STEP 215] Natom=112 | Favg=1.935094 Fmax=6.756030 rew=0.033517 | replay=216 | alpha=0.955397
2025-11-24 11:06:52,581 - INFO - [EP 0][STEP 216] Natom=112 | Favg=1.927043 Fmax=6.363085 rew=0.323227 | replay=217 | alpha=0.955110
2025-11-24 11:06:52,698 - INFO - [EP 0][STEP 217] Natom=112 | Favg=1.931662 Fmax=6.521970 rew=-0.276096 | replay=218 | alpha=0.954824
2025-11-24 11:06:52,823 - INFO - [EP 0][STEP 218] Natom=112 | Favg=1.937014 Fmax=6.259997 rew=-0.836343 | replay=219 | alpha=0.954537
2025-11-24 11:06:52,940 - INFO - [EP 0][STEP 219] Natom=112 | Favg=1.943454 Fmax=6.215696 rew=-0.530558 | replay=220 | alpha=0.954251
2025-11-24 11:06:53,066 - INFO - [EP 0][STEP 220] Natom=112 | Favg=1.930740 Fmax=6.102188 rew=0.246934 | replay=221 | alpha=0.953965
2025-11-24 11:06:53,183 - INFO - [EP 0][STEP 221] Natom=112 | Favg=1.933796 Fmax=6.320309 rew=0.331692 | replay=222 | alpha=0.953678
2025-11-24 11:06:53,308 - INFO - [EP 0][STEP 222] Natom=112 | Favg=1.940591 Fmax=6.486338 rew=-0.832515 | replay=223 | alpha=0.953392
2025-11-24 11:06:53,425 - INFO - [EP 0][STEP 223] Natom=112 | Favg=1.971087 Fmax=6.455661 rew=-0.638076 | replay=224 | alpha=0.953106
2025-11-24 11:06:53,550 - INFO - [EP 0][STEP 224] Natom=112 | Favg=1.956396 Fmax=6.554031 rew=0.167755 | replay=225 | alpha=0.952820
2025-11-24 11:06:53,667 - INFO - [EP 0][STEP 225] Natom=112 | Favg=1.976427 Fmax=6.748755 rew=-0.180035 | replay=226 | alpha=0.952534
2025-11-24 11:06:53,791 - INFO - [EP 0][STEP 226] Natom=112 | Favg=1.979004 Fmax=6.783577 rew=0.041850 | replay=227 | alpha=0.952248
2025-11-24 11:06:53,908 - INFO - [EP 0][STEP 227] Natom=112 | Favg=1.982546 Fmax=6.534351 rew=0.022448 | replay=228 | alpha=0.951963
2025-11-24 11:06:54,033 - INFO - [EP 0][STEP 228] Natom=112 | Favg=1.982904 Fmax=6.689484 rew=-0.246100 | replay=229 | alpha=0.951677
2025-11-24 11:06:54,150 - INFO - [EP 0][STEP 229] Natom=112 | Favg=2.014937 Fmax=6.563265 rew=-0.739569 | replay=230 | alpha=0.951391
2025-11-24 11:06:54,275 - INFO - [EP 0][STEP 230] Natom=112 | Favg=2.014461 Fmax=6.455999 rew=-0.164637 | replay=231 | alpha=0.951106
2025-11-24 11:06:54,392 - INFO - [EP 0][STEP 231] Natom=112 | Favg=2.022752 Fmax=6.646109 rew=0.050431 | replay=232 | alpha=0.950820
2025-11-24 11:06:54,517 - INFO - [EP 0][STEP 232] Natom=112 | Favg=2.050530 Fmax=6.701508 rew=-0.236789 | replay=233 | alpha=0.950535
2025-11-24 11:06:54,634 - INFO - [EP 0][STEP 233] Natom=112 | Favg=2.071835 Fmax=6.652120 rew=-0.166832 | replay=234 | alpha=0.950250
2025-11-24 11:06:54,759 - INFO - [EP 0][STEP 234] Natom=112 | Favg=2.080267 Fmax=6.696478 rew=-0.099954 | replay=235 | alpha=0.949965
2025-11-24 11:06:54,876 - INFO - [EP 0][STEP 235] Natom=112 | Favg=2.070029 Fmax=6.785306 rew=-0.465518 | replay=236 | alpha=0.949680
2025-11-24 11:06:55,001 - INFO - [EP 0][STEP 236] Natom=112 | Favg=2.068994 Fmax=6.664826 rew=0.234739 | replay=237 | alpha=0.949395
2025-11-24 11:06:55,118 - INFO - [EP 0][STEP 237] Natom=112 | Favg=2.093704 Fmax=6.747672 rew=-1.000877 | replay=238 | alpha=0.949110
2025-11-24 11:06:55,243 - INFO - [EP 0][STEP 238] Natom=112 | Favg=2.104506 Fmax=6.723459 rew=-0.058481 | replay=239 | alpha=0.948825
2025-11-24 11:06:55,360 - INFO - [EP 0][STEP 239] Natom=112 | Favg=2.095343 Fmax=6.509537 rew=-0.552244 | replay=240 | alpha=0.948540
2025-11-24 11:06:55,485 - INFO - [EP 0][STEP 240] Natom=112 | Favg=2.103741 Fmax=6.601617 rew=-0.198626 | replay=241 | alpha=0.948255
2025-11-24 11:06:55,601 - INFO - [EP 0][STEP 241] Natom=112 | Favg=2.082754 Fmax=6.870497 rew=0.610007 | replay=242 | alpha=0.947971
2025-11-24 11:06:55,726 - INFO - [EP 0][STEP 242] Natom=112 | Favg=2.078516 Fmax=7.021334 rew=0.637856 | replay=243 | alpha=0.947686
2025-11-24 11:06:55,843 - INFO - [EP 0][STEP 243] Natom=112 | Favg=2.092477 Fmax=6.977033 rew=-1.199750 | replay=244 | alpha=0.947402
2025-11-24 11:06:55,968 - INFO - [EP 0][STEP 244] Natom=112 | Favg=2.121193 Fmax=6.699247 rew=-1.072763 | replay=245 | alpha=0.947117
2025-11-24 11:06:56,085 - INFO - [EP 0][STEP 245] Natom=112 | Favg=2.128751 Fmax=6.619086 rew=-0.294014 | replay=246 | alpha=0.946833
2025-11-24 11:06:56,209 - INFO - [EP 0][STEP 246] Natom=112 | Favg=2.132548 Fmax=6.537900 rew=0.226237 | replay=247 | alpha=0.946549
2025-11-24 11:06:56,326 - INFO - [EP 0][STEP 247] Natom=112 | Favg=2.135188 Fmax=6.549693 rew=-0.150259 | replay=248 | alpha=0.946265
2025-11-24 11:06:56,451 - INFO - [EP 0][STEP 248] Natom=112 | Favg=2.136850 Fmax=6.228985 rew=0.255270 | replay=249 | alpha=0.945981
2025-11-24 11:06:56,567 - INFO - [EP 0][STEP 249] Natom=112 | Favg=2.121401 Fmax=6.009050 rew=0.420568 | replay=250 | alpha=0.945697
2025-11-24 11:06:56,692 - INFO - [EP 0][STEP 250] Natom=112 | Favg=2.119912 Fmax=6.156177 rew=0.498981 | replay=251 | alpha=0.945413
2025-11-24 11:06:56,809 - INFO - [EP 0][STEP 251] Natom=112 | Favg=2.130530 Fmax=6.367247 rew=-0.441046 | replay=252 | alpha=0.945130
2025-11-24 11:06:56,934 - INFO - [EP 0][STEP 252] Natom=112 | Favg=2.120038 Fmax=6.368192 rew=-0.435855 | replay=253 | alpha=0.944846
2025-11-24 11:06:57,050 - INFO - [EP 0][STEP 253] Natom=112 | Favg=2.136814 Fmax=6.236115 rew=-0.370737 | replay=254 | alpha=0.944562
2025-11-24 11:06:57,175 - INFO - [EP 0][STEP 254] Natom=112 | Favg=2.141835 Fmax=6.133984 rew=-0.652134 | replay=255 | alpha=0.944279
2025-11-24 11:06:57,292 - INFO - [EP 0][STEP 255] Natom=112 | Favg=2.160606 Fmax=6.320437 rew=-0.114695 | replay=256 | alpha=0.943996
2025-11-24 11:06:57,417 - INFO - [EP 0][STEP 256] Natom=112 | Favg=2.174908 Fmax=6.316508 rew=0.078366 | replay=257 | alpha=0.943712
2025-11-24 11:06:57,533 - INFO - [EP 0][STEP 257] Natom=112 | Favg=2.175557 Fmax=6.508444 rew=0.126876 | replay=258 | alpha=0.943429
2025-11-24 11:06:57,658 - INFO - [EP 0][STEP 258] Natom=112 | Favg=2.181223 Fmax=6.744000 rew=-0.112720 | replay=259 | alpha=0.943146
2025-11-24 11:06:57,775 - INFO - [EP 0][STEP 259] Natom=112 | Favg=2.179034 Fmax=6.765107 rew=0.205382 | replay=260 | alpha=0.942863
2025-11-24 11:06:57,901 - INFO - [EP 0][STEP 260] Natom=112 | Favg=2.192578 Fmax=6.734334 rew=-0.382269 | replay=261 | alpha=0.942580
2025-11-24 11:06:58,017 - INFO - [EP 0][STEP 261] Natom=112 | Favg=2.197484 Fmax=6.497787 rew=-0.194922 | replay=262 | alpha=0.942297
2025-11-24 11:06:58,142 - INFO - [EP 0][STEP 262] Natom=112 | Favg=2.175947 Fmax=6.322275 rew=0.867443 | replay=263 | alpha=0.942015
2025-11-24 11:06:58,259 - INFO - [EP 0][STEP 263] Natom=112 | Favg=2.187610 Fmax=6.400077 rew=0.010288 | replay=264 | alpha=0.941732
2025-11-24 11:06:58,384 - INFO - [EP 0][STEP 264] Natom=112 | Favg=2.186439 Fmax=6.494689 rew=0.767406 | replay=265 | alpha=0.941449
2025-11-24 11:06:58,500 - INFO - [EP 0][STEP 265] Natom=112 | Favg=2.203341 Fmax=6.448865 rew=-0.333321 | replay=266 | alpha=0.941167
2025-11-24 11:06:58,625 - INFO - [EP 0][STEP 266] Natom=112 | Favg=2.187183 Fmax=6.549036 rew=0.708378 | replay=267 | alpha=0.940885
2025-11-24 11:06:58,742 - INFO - [EP 0][STEP 267] Natom=112 | Favg=2.206199 Fmax=6.433636 rew=-0.854959 | replay=268 | alpha=0.940602
2025-11-24 11:06:58,867 - INFO - [EP 0][STEP 268] Natom=112 | Favg=2.238809 Fmax=6.536040 rew=-0.413918 | replay=269 | alpha=0.940320
2025-11-24 11:06:58,983 - INFO - [EP 0][STEP 269] Natom=112 | Favg=2.258854 Fmax=6.849756 rew=-0.842460 | replay=270 | alpha=0.940038
2025-11-24 11:06:59,108 - INFO - [EP 0][STEP 270] Natom=112 | Favg=2.262002 Fmax=7.113544 rew=-0.142318 | replay=271 | alpha=0.939756
2025-11-24 11:06:59,225 - INFO - [EP 0][STEP 271] Natom=112 | Favg=2.290543 Fmax=6.976646 rew=-0.392684 | replay=272 | alpha=0.939474
2025-11-24 11:06:59,350 - INFO - [EP 0][STEP 272] Natom=112 | Favg=2.300640 Fmax=7.066899 rew=-0.562369 | replay=273 | alpha=0.939192
2025-11-24 11:06:59,467 - INFO - [EP 0][STEP 273] Natom=112 | Favg=2.335983 Fmax=7.041449 rew=-1.801422 | replay=274 | alpha=0.938910
2025-11-24 11:06:59,591 - INFO - [EP 0][STEP 274] Natom=112 | Favg=2.330379 Fmax=7.325664 rew=-0.160760 | replay=275 | alpha=0.938628
2025-11-24 11:06:59,708 - INFO - [EP 0][STEP 275] Natom=112 | Favg=2.347005 Fmax=7.073553 rew=-0.729407 | replay=276 | alpha=0.938347
2025-11-24 11:06:59,833 - INFO - [EP 0][STEP 276] Natom=112 | Favg=2.333642 Fmax=7.076384 rew=0.680852 | replay=277 | alpha=0.938065
2025-11-24 11:06:59,950 - INFO - [EP 0][STEP 277] Natom=112 | Favg=2.343814 Fmax=7.330534 rew=0.279492 | replay=278 | alpha=0.937784
2025-11-24 11:07:00,075 - INFO - [EP 0][STEP 278] Natom=112 | Favg=2.334614 Fmax=7.176265 rew=0.849072 | replay=279 | alpha=0.937502
2025-11-24 11:07:00,191 - INFO - [EP 0][STEP 279] Natom=112 | Favg=2.343101 Fmax=7.066184 rew=-0.776286 | replay=280 | alpha=0.937221
2025-11-24 11:07:00,316 - INFO - [EP 0][STEP 280] Natom=112 | Favg=2.355345 Fmax=7.178855 rew=0.374409 | replay=281 | alpha=0.936940
2025-11-24 11:07:00,433 - INFO - [EP 0][STEP 281] Natom=112 | Favg=2.352418 Fmax=6.979555 rew=-0.434997 | replay=282 | alpha=0.936659
2025-11-24 11:07:00,558 - INFO - [EP 0][STEP 282] Natom=112 | Favg=2.349443 Fmax=7.071508 rew=-0.154966 | replay=283 | alpha=0.936378
2025-11-24 11:07:00,675 - INFO - [EP 0][STEP 283] Natom=112 | Favg=2.347990 Fmax=6.998987 rew=0.032153 | replay=284 | alpha=0.936097
2025-11-24 11:07:00,800 - INFO - [EP 0][STEP 284] Natom=112 | Favg=2.380481 Fmax=7.328425 rew=-0.397694 | replay=285 | alpha=0.935816
2025-11-24 11:07:00,917 - INFO - [EP 0][STEP 285] Natom=112 | Favg=2.387438 Fmax=7.237113 rew=-0.544729 | replay=286 | alpha=0.935535
2025-11-24 11:07:01,042 - INFO - [EP 0][STEP 286] Natom=112 | Favg=2.401810 Fmax=7.045424 rew=0.108438 | replay=287 | alpha=0.935255
2025-11-24 11:07:01,159 - INFO - [EP 0][STEP 287] Natom=112 | Favg=2.428750 Fmax=7.154949 rew=-0.359802 | replay=288 | alpha=0.934974
2025-11-24 11:07:01,284 - INFO - [EP 0][STEP 288] Natom=112 | Favg=2.426997 Fmax=7.268256 rew=-0.136110 | replay=289 | alpha=0.934693
2025-11-24 11:07:01,401 - INFO - [EP 0][STEP 289] Natom=112 | Favg=2.420570 Fmax=7.329335 rew=0.315126 | replay=290 | alpha=0.934413
2025-11-24 11:07:01,526 - INFO - [EP 0][STEP 290] Natom=112 | Favg=2.431383 Fmax=7.387627 rew=0.073093 | replay=291 | alpha=0.934133
2025-11-24 11:07:01,644 - INFO - [EP 0][STEP 291] Natom=112 | Favg=2.443816 Fmax=7.288477 rew=-0.364493 | replay=292 | alpha=0.933852
2025-11-24 11:07:01,769 - INFO - [EP 0][STEP 292] Natom=112 | Favg=2.442419 Fmax=7.495705 rew=0.431366 | replay=293 | alpha=0.933572
2025-11-24 11:07:01,886 - INFO - [EP 0][STEP 293] Natom=112 | Favg=2.465014 Fmax=7.870909 rew=-0.010945 | replay=294 | alpha=0.933292
2025-11-24 11:07:02,012 - INFO - [EP 0][STEP 294] Natom=112 | Favg=2.472612 Fmax=7.836085 rew=-0.380854 | replay=295 | alpha=0.933012
2025-11-24 11:07:02,129 - INFO - [EP 0][STEP 295] Natom=112 | Favg=2.476885 Fmax=7.881471 rew=0.187368 | replay=296 | alpha=0.932732
2025-11-24 11:07:02,254 - INFO - [EP 0][STEP 296] Natom=112 | Favg=2.497240 Fmax=8.032823 rew=0.038617 | replay=297 | alpha=0.932452
2025-11-24 11:07:02,371 - INFO - [EP 0][STEP 297] Natom=112 | Favg=2.488438 Fmax=7.815482 rew=0.479258 | replay=298 | alpha=0.932173
2025-11-24 11:07:02,496 - INFO - [EP 0][STEP 298] Natom=112 | Favg=2.517196 Fmax=8.036100 rew=-0.695737 | replay=299 | alpha=0.931893
2025-11-24 11:07:02,613 - INFO - [EP 0][STEP 299] Natom=112 | Favg=2.539696 Fmax=7.975393 rew=-0.816874 | replay=300 | alpha=0.931613
2025-11-24 11:07:02,613 - INFO - [EP 0] terminated early at step=299
2025-11-24 11:07:02,613 - INFO - [EP 0] return=-98.923658
2025-11-24 11:07:02,613 - INFO - [EP 0] replay_size=300
2025-11-24 11:07:02,613 - INFO - 
================================================================================
2025-11-24 11:07:02,613 - INFO - [EP 1] START
2025-11-24 11:07:02,613 - INFO - [EP 1] max_steps = 301
2025-11-24 11:07:02,792 - INFO - [EP 1] CIF loaded: mofs/train_pool_valid/qmof-bde286b.cif
