2025-11-25 00:02:00,747 - INFO - ====== Structure-Level MACS-SAC Training Start ======
2025-11-25 00:02:00,748 - INFO - 
====================================================================================================
2025-11-25 00:02:00,748 - INFO - [EP 0] START
2025-11-25 00:02:00,748 - INFO - [EP 0] max_steps = 200
2025-11-25 00:02:00,841 - INFO - [EP 0] CIF = mofs/train_pool_valid/qmof-65e795e.cif
2025-11-25 00:02:00,841 - INFO - [EP 0] N_atoms = 112
2025-11-25 00:04:48,936 - INFO - ====== Structure-Level MACS-SAC Training Start ======
2025-11-25 00:04:48,936 - INFO - 
====================================================================================================
2025-11-25 00:04:48,937 - INFO - [EP 0] START
2025-11-25 00:04:48,937 - INFO - [EP 0] max_steps = 200
2025-11-25 00:04:49,015 - INFO - [EP 0] CIF = mofs/train_pool_valid/qmof-5747ad3.cif
2025-11-25 00:04:49,015 - INFO - [EP 0] N_atoms = 100
2025-11-25 00:07:33,151 - INFO - ====== Structure-Level MACS-SAC Training Start ======
2025-11-25 00:07:33,151 - INFO - 
====================================================================================================
2025-11-25 00:07:33,151 - INFO - [EP 0] START
2025-11-25 00:07:33,151 - INFO - [EP 0] max_steps = 200
2025-11-25 00:07:33,215 - INFO - [EP 0] CIF = mofs/train_pool_valid/qmof-9eb7ef8.cif
2025-11-25 00:07:33,215 - INFO - [EP 0] N_atoms = 84
2025-11-25 00:07:34,048 - INFO - [EP 0] OBS_ATOM_DIM = 334, OBS_GLOBAL_DIM = 28056
2025-11-25 00:15:47,526 - INFO - ====== Structure-Level MACS-SAC Training Start ======
2025-11-25 00:15:47,526 - INFO - 
========================================================================================================================
2025-11-25 00:15:47,526 - INFO - [EP 0] START
2025-11-25 00:15:47,526 - INFO - [EP 0] max_steps = 200
2025-11-25 00:15:47,600 - INFO - [EP 0] CIF = mofs/train_pool_valid/qmof-97454bc.cif
2025-11-25 00:15:47,600 - INFO - [EP 0] N_atoms = 102
2025-11-25 00:15:48,646 - INFO - [EP 0] FEAT=334, OBS_GLOBAL_DIM=34068
2025-11-25 00:17:47,677 - INFO - ====== Structure-Level MACS-SAC Training Start ======
2025-11-25 00:17:47,677 - INFO - 
========================================================================================================================
2025-11-25 00:17:47,677 - INFO - [EP 0] START
2025-11-25 00:17:47,677 - INFO - [EP 0] max_steps = 200
2025-11-25 00:17:47,746 - INFO - [EP 0] CIF = mofs/train_pool_valid/qmof-13cd67d.cif
2025-11-25 00:17:47,746 - INFO - [EP 0] N_atoms = 90
2025-11-25 00:17:48,663 - INFO - [EP 0] FEAT=334, OBS_GLOBAL_DIM=30060
2025-11-25 00:20:02,478 - INFO - ====== Structure-Level MACS-SAC Training Start ======
2025-11-25 00:20:02,478 - INFO - 
========================================================================================================================
2025-11-25 00:20:02,478 - INFO - [EP 0] START
2025-11-25 00:20:02,479 - INFO - [EP 0] max_steps = 200
2025-11-25 00:20:02,525 - INFO - [EP 0] CIF = mofs/train_pool_valid/qmof-b2c2ca4.cif
2025-11-25 00:20:02,525 - INFO - [EP 0] N_atoms = 68
2025-11-25 00:20:03,219 - INFO - [EP 0] FEAT=334, OBS_GLOBAL_DIM=22712
2025-11-25 00:20:03,514 - INFO - [INIT] SACAgent + ReplayBuffer initialized.
2025-11-25 00:22:11,575 - INFO - ====== Structure-Level MACS-SAC Training Start ======
2025-11-25 00:22:11,576 - INFO - 
========================================================================================================================
2025-11-25 00:22:11,576 - INFO - [EP 0] START
2025-11-25 00:22:11,576 - INFO - [EP 0] max_steps = 200
2025-11-25 00:22:11,642 - INFO - [EP 0] CIF = mofs/train_pool_valid/qmof-ceecaf2.cif
2025-11-25 00:22:11,642 - INFO - [EP 0] N_atoms = 86
2025-11-25 00:22:12,456 - INFO - [EP 0] FEAT=334, OBS_GLOBAL_DIM=28724
2025-11-25 00:22:12,833 - INFO - [INIT] SACAgent + ReplayBuffer initialized.
2025-11-25 00:24:09,600 - INFO - ====== Structure-Level MACS-SAC Training Start ======
2025-11-25 00:24:09,601 - INFO - 
========================================================================================================================
2025-11-25 00:24:09,601 - INFO - [EP 0] START
2025-11-25 00:24:09,601 - INFO - [EP 0] max_steps = 200
2025-11-25 00:24:09,688 - INFO - [EP 0] CIF = mofs/train_pool_valid/qmof-75121d5.cif
2025-11-25 00:24:09,688 - INFO - [EP 0] N_atoms = 115
2025-11-25 00:24:10,918 - INFO - [EP 0] FEAT=334, OBS_GLOBAL_DIM=38410
2025-11-25 00:24:11,410 - INFO - [INIT] SACAgent + ReplayBuffer initialized.
2025-11-25 00:24:54,229 - INFO - [EP 0] DONE at step 98, reason=bond
2025-11-25 00:24:54,229 - INFO - [EP 0] return = -9.035946
2025-11-25 00:24:54,229 - INFO - [EP 0] BAD EPISODE → removed
2025-11-25 00:24:54,229 - INFO - 
========================================================================================================================
2025-11-25 00:24:54,229 - INFO - [EP 1] START
2025-11-25 00:24:54,229 - INFO - [EP 1] max_steps = 201
2025-11-25 00:24:54,288 - INFO - [EP 1] CIF = mofs/train_pool_valid/qmof-7daa675.cif
2025-11-25 00:24:54,288 - INFO - [EP 1] N_atoms = 96
2025-11-25 00:24:54,880 - INFO - [EP 1] FEAT=334, OBS_GLOBAL_DIM=32064
2025-11-25 00:24:54,880 - WARNING - [EP 1] OBS_GLOBAL_DIM mismatch: expected=38410, got=32064 => SKIP
2025-11-25 00:24:54,880 - INFO - 
========================================================================================================================
2025-11-25 00:24:54,880 - INFO - [EP 2] START
2025-11-25 00:24:54,880 - INFO - [EP 2] max_steps = 202
2025-11-25 00:24:54,928 - INFO - [EP 2] CIF = mofs/train_pool_valid/qmof-25e44c3.cif
2025-11-25 00:24:54,928 - INFO - [EP 2] N_atoms = 84
2025-11-25 00:24:55,205 - INFO - [EP 2] FEAT=334, OBS_GLOBAL_DIM=28056
2025-11-25 00:24:55,205 - WARNING - [EP 2] OBS_GLOBAL_DIM mismatch: expected=38410, got=28056 => SKIP
2025-11-25 00:24:55,205 - INFO - 
========================================================================================================================
2025-11-25 00:24:55,205 - INFO - [EP 3] START
2025-11-25 00:24:55,205 - INFO - [EP 3] max_steps = 204
2025-11-25 00:24:55,268 - INFO - [EP 3] CIF = mofs/train_pool_valid/qmof-72f4eea.cif
2025-11-25 00:24:55,268 - INFO - [EP 3] N_atoms = 102
2025-11-25 00:24:56,066 - INFO - [EP 3] FEAT=334, OBS_GLOBAL_DIM=34068
2025-11-25 00:24:56,067 - WARNING - [EP 3] OBS_GLOBAL_DIM mismatch: expected=38410, got=34068 => SKIP
2025-11-25 00:24:56,067 - INFO - 
========================================================================================================================
2025-11-25 00:24:56,067 - INFO - [EP 4] START
2025-11-25 00:24:56,067 - INFO - [EP 4] max_steps = 205
2025-11-25 00:24:56,105 - INFO - [EP 4] CIF = mofs/train_pool_valid/qmof-5c67a6f.cif
2025-11-25 00:24:56,105 - INFO - [EP 4] N_atoms = 72
2025-11-25 00:24:56,240 - INFO - [EP 4] FEAT=334, OBS_GLOBAL_DIM=24048
2025-11-25 00:24:56,240 - WARNING - [EP 4] OBS_GLOBAL_DIM mismatch: expected=38410, got=24048 => SKIP
2025-11-25 00:24:56,240 - INFO - 
========================================================================================================================
2025-11-25 00:24:56,241 - INFO - [EP 5] START
2025-11-25 00:24:56,241 - INFO - [EP 5] max_steps = 207
2025-11-25 00:24:56,278 - INFO - [EP 5] CIF = mofs/train_pool_valid/qmof-748997e.cif
2025-11-25 00:24:56,278 - INFO - [EP 5] N_atoms = 72
2025-11-25 00:24:56,619 - INFO - [EP 5] FEAT=334, OBS_GLOBAL_DIM=24048
2025-11-25 00:24:56,619 - WARNING - [EP 5] OBS_GLOBAL_DIM mismatch: expected=38410, got=24048 => SKIP
2025-11-25 00:24:56,619 - INFO - 
========================================================================================================================
2025-11-25 00:24:56,619 - INFO - [EP 6] START
2025-11-25 00:24:56,619 - INFO - [EP 6] max_steps = 208
2025-11-25 00:24:56,683 - INFO - [EP 6] CIF = mofs/train_pool_valid/qmof-bec91df.cif
2025-11-25 00:24:56,683 - INFO - [EP 6] N_atoms = 102
2025-11-25 00:24:56,925 - INFO - [EP 6] FEAT=334, OBS_GLOBAL_DIM=34068
2025-11-25 00:24:56,925 - WARNING - [EP 6] OBS_GLOBAL_DIM mismatch: expected=38410, got=34068 => SKIP
2025-11-25 00:24:56,925 - INFO - 
========================================================================================================================
2025-11-25 00:24:56,925 - INFO - [EP 7] START
2025-11-25 00:24:56,925 - INFO - [EP 7] max_steps = 209
2025-11-25 00:24:56,988 - INFO - [EP 7] CIF = mofs/train_pool_valid/qmof-0f5c9ec.cif
2025-11-25 00:24:56,988 - INFO - [EP 7] N_atoms = 94
2025-11-25 00:24:57,261 - INFO - [EP 7] FEAT=334, OBS_GLOBAL_DIM=31396
2025-11-25 00:24:57,261 - WARNING - [EP 7] OBS_GLOBAL_DIM mismatch: expected=38410, got=31396 => SKIP
2025-11-25 00:24:57,261 - INFO - 
========================================================================================================================
2025-11-25 00:24:57,261 - INFO - [EP 8] START
2025-11-25 00:24:57,261 - INFO - [EP 8] max_steps = 211
2025-11-25 00:24:57,314 - INFO - [EP 8] CIF = mofs/train_pool_valid/qmof-fa557d8.cif
2025-11-25 00:24:57,314 - INFO - [EP 8] N_atoms = 84
2025-11-25 00:24:57,749 - INFO - [EP 8] FEAT=334, OBS_GLOBAL_DIM=28056
2025-11-25 00:24:57,749 - WARNING - [EP 8] OBS_GLOBAL_DIM mismatch: expected=38410, got=28056 => SKIP
2025-11-25 00:24:57,749 - INFO - 
========================================================================================================================
2025-11-25 00:24:57,750 - INFO - [EP 9] START
2025-11-25 00:24:57,750 - INFO - [EP 9] max_steps = 212
2025-11-25 00:24:57,819 - INFO - [EP 9] CIF = mofs/train_pool_valid/qmof-2e932db.cif
2025-11-25 00:24:57,819 - INFO - [EP 9] N_atoms = 108
2025-11-25 00:24:58,107 - INFO - [EP 9] FEAT=334, OBS_GLOBAL_DIM=36072
2025-11-25 00:24:58,107 - WARNING - [EP 9] OBS_GLOBAL_DIM mismatch: expected=38410, got=36072 => SKIP
2025-11-25 00:24:58,107 - INFO - 
========================================================================================================================
2025-11-25 00:24:58,107 - INFO - [EP 10] START
2025-11-25 00:24:58,107 - INFO - [EP 10] max_steps = 214
2025-11-25 00:24:58,168 - INFO - [EP 10] CIF = mofs/train_pool_valid/qmof-e21ce63.cif
2025-11-25 00:24:58,168 - INFO - [EP 10] N_atoms = 92
2025-11-25 00:24:58,368 - INFO - [EP 10] FEAT=334, OBS_GLOBAL_DIM=30728
2025-11-25 00:24:58,368 - WARNING - [EP 10] OBS_GLOBAL_DIM mismatch: expected=38410, got=30728 => SKIP
2025-11-25 00:24:58,368 - INFO - 
========================================================================================================================
2025-11-25 00:24:58,368 - INFO - [EP 11] START
2025-11-25 00:24:58,368 - INFO - [EP 11] max_steps = 215
2025-11-25 00:24:58,427 - INFO - [EP 11] CIF = mofs/train_pool_valid/qmof-265b56c.cif
2025-11-25 00:24:58,427 - INFO - [EP 11] N_atoms = 88
2025-11-25 00:24:58,923 - INFO - [EP 11] FEAT=334, OBS_GLOBAL_DIM=29392
2025-11-25 00:24:58,923 - WARNING - [EP 11] OBS_GLOBAL_DIM mismatch: expected=38410, got=29392 => SKIP
2025-11-25 00:24:58,923 - INFO - 
========================================================================================================================
2025-11-25 00:24:58,923 - INFO - [EP 12] START
2025-11-25 00:24:58,923 - INFO - [EP 12] max_steps = 216
2025-11-25 00:24:58,973 - INFO - [EP 12] CIF = mofs/train_pool_valid/qmof-48504ab.cif
2025-11-25 00:24:58,973 - INFO - [EP 12] N_atoms = 78
2025-11-25 00:24:59,221 - INFO - [EP 12] FEAT=334, OBS_GLOBAL_DIM=26052
2025-11-25 00:24:59,221 - WARNING - [EP 12] OBS_GLOBAL_DIM mismatch: expected=38410, got=26052 => SKIP
2025-11-25 00:24:59,221 - INFO - 
========================================================================================================================
2025-11-25 00:24:59,221 - INFO - [EP 13] START
2025-11-25 00:24:59,221 - INFO - [EP 13] max_steps = 218
2025-11-25 00:24:59,252 - INFO - [EP 13] CIF = mofs/train_pool_valid/qmof-5cf67b8.cif
2025-11-25 00:24:59,252 - INFO - [EP 13] N_atoms = 62
2025-11-25 00:24:59,529 - INFO - [EP 13] FEAT=334, OBS_GLOBAL_DIM=20708
2025-11-25 00:24:59,529 - WARNING - [EP 13] OBS_GLOBAL_DIM mismatch: expected=38410, got=20708 => SKIP
2025-11-25 00:24:59,529 - INFO - 
========================================================================================================================
2025-11-25 00:24:59,529 - INFO - [EP 14] START
2025-11-25 00:24:59,529 - INFO - [EP 14] max_steps = 219
2025-11-25 00:24:59,598 - INFO - [EP 14] CIF = mofs/train_pool_valid/qmof-c318faf.cif
2025-11-25 00:24:59,599 - INFO - [EP 14] N_atoms = 108
2025-11-25 00:25:00,468 - INFO - [EP 14] FEAT=334, OBS_GLOBAL_DIM=36072
2025-11-25 00:25:00,468 - WARNING - [EP 14] OBS_GLOBAL_DIM mismatch: expected=38410, got=36072 => SKIP
2025-11-25 00:25:00,468 - INFO - 
========================================================================================================================
2025-11-25 00:25:00,468 - INFO - [EP 15] START
2025-11-25 00:25:00,468 - INFO - [EP 15] max_steps = 221
2025-11-25 00:25:00,533 - INFO - [EP 15] CIF = mofs/train_pool_valid/qmof-4814d71.cif
2025-11-25 00:25:00,533 - INFO - [EP 15] N_atoms = 96
2025-11-25 00:25:00,750 - INFO - [EP 15] FEAT=334, OBS_GLOBAL_DIM=32064
2025-11-25 00:25:00,750 - WARNING - [EP 15] OBS_GLOBAL_DIM mismatch: expected=38410, got=32064 => SKIP
2025-11-25 00:25:00,750 - INFO - 
========================================================================================================================
2025-11-25 00:25:00,750 - INFO - [EP 16] START
2025-11-25 00:25:00,750 - INFO - [EP 16] max_steps = 222
2025-11-25 00:25:00,793 - INFO - [EP 16] CIF = mofs/train_pool_valid/qmof-877d368.cif
2025-11-25 00:25:00,793 - INFO - [EP 16] N_atoms = 72
2025-11-25 00:25:00,971 - INFO - [EP 16] FEAT=334, OBS_GLOBAL_DIM=24048
2025-11-25 00:25:00,971 - WARNING - [EP 16] OBS_GLOBAL_DIM mismatch: expected=38410, got=24048 => SKIP
2025-11-25 00:25:00,971 - INFO - 
========================================================================================================================
2025-11-25 00:25:00,971 - INFO - [EP 17] START
2025-11-25 00:25:00,971 - INFO - [EP 17] max_steps = 223
2025-11-25 00:25:01,044 - INFO - [EP 17] CIF = mofs/train_pool_valid/qmof-e84ed41.cif
2025-11-25 00:25:01,044 - INFO - [EP 17] N_atoms = 104
2025-11-25 00:25:01,440 - INFO - [EP 17] FEAT=334, OBS_GLOBAL_DIM=34736
2025-11-25 00:25:01,441 - WARNING - [EP 17] OBS_GLOBAL_DIM mismatch: expected=38410, got=34736 => SKIP
2025-11-25 00:25:01,441 - INFO - 
========================================================================================================================
2025-11-25 00:25:01,441 - INFO - [EP 18] START
2025-11-25 00:25:01,441 - INFO - [EP 18] max_steps = 225
2025-11-25 00:25:01,501 - INFO - [EP 18] CIF = mofs/train_pool_valid/qmof-e257709.cif
2025-11-25 00:25:01,501 - INFO - [EP 18] N_atoms = 100
