2025-11-30 15:49:17,665 - ================================================================================
2025-11-30 15:49:17,665 - [LOAD CIF] ../qmof-d9508ee.cif
2025-11-30 15:49:17,752 - [PERTURB] sigma=0.050, max_perturb=0.300
2025-11-30 15:49:17,787 - [PERTURB] forced accept after max clamp loops
2025-11-30 15:49:18,567 - [INIT] E0=-671.88269043 | Fmax0=0.728243
2025-11-30 15:49:18,894 - [STEP 1] E=-671.98022461 | Fmax=0.741402
2025-11-30 15:49:19,581 - [STEP 2] E=-672.05249023 | Fmax=0.389665
2025-11-30 15:49:20,197 - [STEP 3] E=-672.16894531 | Fmax=0.429357
2025-11-30 15:49:21,011 - [STEP 4] E=-672.29406738 | Fmax=0.688801
2025-11-30 15:49:21,102 - [STEP 5] E=-672.40332031 | Fmax=0.498936
2025-11-30 15:49:21,229 - [STEP 6] E=-672.49682617 | Fmax=0.556628
2025-11-30 15:49:21,326 - [STEP 7] E=-672.60797119 | Fmax=0.490696
2025-11-30 15:49:21,416 - [STEP 8] E=-672.71240234 | Fmax=0.427131
2025-11-30 15:49:21,505 - [STEP 9] E=-672.80834961 | Fmax=0.292592
2025-11-30 15:49:21,617 - [STEP 10] E=-672.86962891 | Fmax=0.406815
2025-11-30 15:49:21,733 - [STEP 11] E=-672.97509766 | Fmax=0.760720
2025-11-30 15:49:21,823 - [STEP 12] E=-673.08978271 | Fmax=0.809516
2025-11-30 15:49:21,915 - [STEP 13] E=-673.23303223 | Fmax=0.402865
2025-11-30 15:49:22,036 - [STEP 14] E=-673.41510010 | Fmax=0.550371
2025-11-30 15:49:22,125 - [STEP 15] E=-673.54638672 | Fmax=0.571779
2025-11-30 15:49:22,216 - [STEP 16] E=-673.74121094 | Fmax=0.670580
2025-11-30 15:49:22,306 - [STEP 17] E=-673.89752197 | Fmax=1.177333
2025-11-30 15:49:22,421 - [STEP 18] E=-674.01428223 | Fmax=0.591096
2025-11-30 15:49:22,534 - [STEP 19] E=-674.08117676 | Fmax=0.458012
2025-11-30 15:49:22,623 - [STEP 20] E=-674.14147949 | Fmax=0.300374
2025-11-30 15:49:22,713 - [STEP 21] E=-674.19494629 | Fmax=0.447547
2025-11-30 15:49:22,838 - [STEP 22] E=-674.26464844 | Fmax=0.449181
2025-11-30 15:49:22,926 - [STEP 23] E=-674.30004883 | Fmax=0.583413
2025-11-30 15:49:23,015 - [STEP 24] E=-674.33740234 | Fmax=0.419235
2025-11-30 15:49:23,125 - [STEP 25] E=-674.38079834 | Fmax=0.427384
2025-11-30 15:49:23,216 - [STEP 26] E=-674.40270996 | Fmax=0.634748
2025-11-30 15:49:23,304 - [STEP 27] E=-674.43237305 | Fmax=0.497603
2025-11-30 15:49:23,418 - [STEP 28] E=-674.48309326 | Fmax=0.843081
2025-11-30 15:49:23,505 - [STEP 29] E=-674.51770020 | Fmax=0.484796
2025-11-30 15:49:23,610 - [STEP 30] E=-674.54931641 | Fmax=0.199174
2025-11-30 15:49:23,700 - [STEP 31] E=-674.61486816 | Fmax=0.618790
2025-11-30 15:49:23,792 - [STEP 32] E=-674.64611816 | Fmax=0.627189
2025-11-30 15:49:23,913 - [STEP 33] E=-674.71319580 | Fmax=0.398611
2025-11-30 15:49:24,025 - [STEP 34] E=-674.76800537 | Fmax=0.466132
2025-11-30 15:49:24,131 - [STEP 35] E=-674.83715820 | Fmax=0.591919
2025-11-30 15:49:24,222 - [STEP 36] E=-674.92626953 | Fmax=0.456541
2025-11-30 15:49:24,325 - [STEP 37] E=-674.99438477 | Fmax=0.780292
2025-11-30 15:49:24,457 - [STEP 38] E=-675.09631348 | Fmax=0.411084
2025-11-30 15:49:24,547 - [STEP 39] E=-675.21868896 | Fmax=0.408836
2025-11-30 15:49:24,647 - [STEP 40] E=-675.29339600 | Fmax=0.501005
2025-11-30 15:49:24,737 - [STEP 41] E=-675.38226318 | Fmax=0.383243
2025-11-30 15:49:24,827 - [STEP 42] E=-675.48620605 | Fmax=0.545303
2025-11-30 15:49:24,940 - [STEP 43] E=-675.55761719 | Fmax=0.718736
2025-11-30 15:49:25,039 - [STEP 44] E=-675.61413574 | Fmax=0.283086
2025-11-30 15:49:25,131 - [STEP 45] E=-675.66943359 | Fmax=0.227740
2025-11-30 15:49:25,321 - [STEP 46] E=-675.70770264 | Fmax=0.200852
2025-11-30 15:49:25,458 - [STEP 47] E=-675.75274658 | Fmax=0.260930
2025-11-30 15:49:25,552 - [STEP 48] E=-675.79406738 | Fmax=0.196276
2025-11-30 15:49:25,686 - [STEP 49] E=-675.82440186 | Fmax=0.240691
2025-11-30 15:49:25,775 - [STEP 50] E=-675.86065674 | Fmax=0.236192
2025-11-30 15:49:25,866 - [STEP 51] E=-675.90686035 | Fmax=0.226011
2025-11-30 15:49:25,951 - [STEP 52] E=-675.94946289 | Fmax=0.186622
2025-11-30 15:49:26,038 - [STEP 53] E=-675.98748779 | Fmax=0.211611
2025-11-30 15:49:26,144 - [STEP 54] E=-676.01995850 | Fmax=0.146354
2025-11-30 15:49:26,243 - [STEP 55] E=-676.04895020 | Fmax=0.183536
2025-11-30 15:49:26,332 - [STEP 56] E=-676.07910156 | Fmax=0.177981
2025-11-30 15:49:26,421 - [STEP 57] E=-676.10955811 | Fmax=0.189882
2025-11-30 15:49:26,512 - [STEP 58] E=-676.13745117 | Fmax=0.155889
2025-11-30 15:49:26,625 - [STEP 59] E=-676.16064453 | Fmax=0.158261
2025-11-30 15:49:26,738 - [STEP 60] E=-676.18212891 | Fmax=0.168930
2025-11-30 15:49:26,834 - [STEP 61] E=-676.20275879 | Fmax=0.138268
2025-11-30 15:49:26,922 - [STEP 62] E=-676.21911621 | Fmax=0.094456
2025-11-30 15:49:27,037 - [STEP 63] E=-676.23034668 | Fmax=0.091296
2025-11-30 15:49:27,125 - [STEP 64] E=-676.24047852 | Fmax=0.080299
2025-11-30 15:49:27,231 - [STEP 65] E=-676.25170898 | Fmax=0.116970
2025-11-30 15:49:27,326 - [STEP 66] E=-676.26477051 | Fmax=0.092051
2025-11-30 15:49:27,416 - [STEP 67] E=-676.27758789 | Fmax=0.100538
2025-11-30 15:49:27,527 - [STEP 68] E=-676.28710938 | Fmax=0.080853
2025-11-30 15:49:27,634 - [STEP 69] E=-676.29425049 | Fmax=0.080159
2025-11-30 15:49:27,722 - [STEP 70] E=-676.30017090 | Fmax=0.079110
2025-11-30 15:49:27,814 - [STEP 71] E=-676.30633545 | Fmax=0.087771
2025-11-30 15:49:27,900 - [STEP 72] E=-676.31152344 | Fmax=0.065317
2025-11-30 15:49:27,986 - [STEP 73] E=-676.31500244 | Fmax=0.052613
2025-11-30 15:49:28,071 - [STEP 74] E=-676.31750488 | Fmax=0.049312
2025-11-30 15:49:28,179 - [STEP 75] E=-676.32037354 | Fmax=0.054589
2025-11-30 15:49:28,269 - [STEP 76] E=-676.32409668 | Fmax=0.063082
2025-11-30 15:49:28,383 - [STEP 77] E=-676.32879639 | Fmax=0.060753
2025-11-30 15:49:28,473 - [STEP 78] E=-676.33349609 | Fmax=0.067589
2025-11-30 15:49:28,563 - [STEP 79] E=-676.33776855 | Fmax=0.087352
2025-11-30 15:49:28,676 - [STEP 80] E=-676.34277344 | Fmax=0.102573
2025-11-30 15:49:28,764 - [STEP 81] E=-676.34960938 | Fmax=0.108891
2025-11-30 15:49:28,876 - [STEP 82] E=-676.35803223 | Fmax=0.101533
2025-11-30 15:49:29,022 - [STEP 83] E=-676.36730957 | Fmax=0.103711
2025-11-30 15:49:29,120 - [STEP 84] E=-676.37658691 | Fmax=0.084576
2025-11-30 15:49:29,208 - [STEP 85] E=-676.38537598 | Fmax=0.069492
2025-11-30 15:49:29,306 - [STEP 86] E=-676.39355469 | Fmax=0.086441
2025-11-30 15:49:29,397 - [STEP 87] E=-676.39953613 | Fmax=0.073268
2025-11-30 15:49:29,499 - [STEP 88] E=-676.40405273 | Fmax=0.060517
2025-11-30 15:49:29,615 - [STEP 89] E=-676.40795898 | Fmax=0.056794
2025-11-30 15:49:29,704 - [STEP 90] E=-676.41247559 | Fmax=0.073687
2025-11-30 15:49:29,795 - [STEP 91] E=-676.41876221 | Fmax=0.093622
2025-11-30 15:49:29,913 - [STEP 92] E=-676.42578125 | Fmax=0.078554
2025-11-30 15:49:30,003 - [STEP 93] E=-676.43090820 | Fmax=0.060949
2025-11-30 15:49:30,097 - [STEP 94] E=-676.43432617 | Fmax=0.064472
2025-11-30 15:49:30,199 - [STEP 95] E=-676.43750000 | Fmax=0.060597
2025-11-30 15:49:30,288 - [STEP 96] E=-676.44134521 | Fmax=0.055265
2025-11-30 15:49:30,403 - [STEP 97] E=-676.44610596 | Fmax=0.055067
2025-11-30 15:49:30,499 - [STEP 98] E=-676.45086670 | Fmax=0.064564
2025-11-30 15:49:30,594 - [STEP 99] E=-676.45477295 | Fmax=0.056335
2025-11-30 15:49:30,712 - [STEP 100] E=-676.45751953 | Fmax=0.056783
2025-11-30 15:49:30,801 - [STEP 101] E=-676.46057129 | Fmax=0.056015
2025-11-30 15:49:30,907 - [STEP 102] E=-676.46368408 | Fmax=0.051625
2025-11-30 15:49:31,000 - [STEP 103] E=-676.46655273 | Fmax=0.052593
2025-11-30 15:49:31,087 - [STEP 104] E=-676.46978760 | Fmax=0.068757
2025-11-30 15:49:31,177 - [STEP 105] E=-676.47460938 | Fmax=0.088114
2025-11-30 15:49:31,275 - [STEP 106] E=-676.48138428 | Fmax=0.101304
2025-11-30 15:49:31,391 - [STEP 107] E=-676.48724365 | Fmax=0.097466
2025-11-30 15:49:31,480 - [STEP 108] E=-676.49395752 | Fmax=0.083945
2025-11-30 15:49:31,588 - [STEP 109] E=-676.50189209 | Fmax=0.077202
2025-11-30 15:49:31,686 - [STEP 110] E=-676.50976562 | Fmax=0.141550
2025-11-30 15:49:31,776 - [STEP 111] E=-676.51983643 | Fmax=0.085236
2025-11-30 15:49:31,888 - [STEP 112] E=-676.53289795 | Fmax=0.133128
2025-11-30 15:49:31,975 - [STEP 113] E=-676.53955078 | Fmax=0.109666
2025-11-30 15:49:32,086 - [STEP 114] E=-676.54748535 | Fmax=0.088815
2025-11-30 15:49:32,176 - [STEP 115] E=-676.55786133 | Fmax=0.116314
2025-11-30 15:49:32,266 - [STEP 116] E=-676.56542969 | Fmax=0.093867
2025-11-30 15:49:32,383 - [STEP 117] E=-676.57501221 | Fmax=0.112204
2025-11-30 15:49:32,473 - [STEP 118] E=-676.58410645 | Fmax=0.101361
2025-11-30 15:49:32,581 - [STEP 119] E=-676.59240723 | Fmax=0.078773
2025-11-30 15:49:32,673 - [STEP 120] E=-676.60009766 | Fmax=0.091412
2025-11-30 15:49:32,766 - [STEP 121] E=-676.60803223 | Fmax=0.082122
2025-11-30 15:49:32,855 - [STEP 122] E=-676.61633301 | Fmax=0.082836
2025-11-30 15:49:32,962 - [STEP 123] E=-676.62432861 | Fmax=0.069647
2025-11-30 15:49:33,085 - [STEP 124] E=-676.63128662 | Fmax=0.083193
2025-11-30 15:49:33,173 - [STEP 125] E=-676.63757324 | Fmax=0.078575
2025-11-30 15:49:33,262 - [STEP 126] E=-676.64501953 | Fmax=0.119332
2025-11-30 15:49:33,348 - [STEP 127] E=-676.65295410 | Fmax=0.120818
2025-11-30 15:49:33,451 - [STEP 128] E=-676.65979004 | Fmax=0.092019
2025-11-30 15:49:33,577 - [STEP 129] E=-676.66516113 | Fmax=0.058440
2025-11-30 15:49:33,691 - [STEP 130] E=-676.67016602 | Fmax=0.066233
2025-11-30 15:49:33,791 - [STEP 131] E=-676.67590332 | Fmax=0.100424
2025-11-30 15:49:33,904 - [STEP 132] E=-676.68176270 | Fmax=0.079613
2025-11-30 15:49:34,033 - [STEP 133] E=-676.68591309 | Fmax=0.052710
2025-11-30 15:49:34,120 - [STEP 134] E=-676.68859863 | Fmax=0.059968
2025-11-30 15:49:34,208 - [STEP 135] E=-676.69067383 | Fmax=0.046428
2025-11-30 15:49:34,212 - [DONE] saved optimized.cif
