2025-11-26 01:25:43 - INFO - train - Arguments: {'mof_dir': 'mofs/train_pool_valid', 'model_path': 'mofs_v2.model', 'log_dir': 'logs_mof_sac', 'device': 'cuda', 'seed': 42, 'num_episodes': 2000, 'max_steps': 300, 'buffer_size': 300000, 'batch_size': 256, 'gamma': 0.99, 'tau': 0.005, 'lr': 0.0003, 'warmup_steps': 20000, 'update_every': 1, 'gradient_steps': 1, 'fixed_alpha': False, 'alpha': 0.2}
2025-11-26 01:25:43 - INFO - train - Using device: cuda
2025-11-26 01:25:43 - INFO - train - Loading MACE model from mofs_v2.model
2025-11-26 01:26:10 - INFO - train - Arguments: {'mof_dir': 'mofs/train_pool_valid', 'model_path': 'mofs_v2.model', 'log_dir': 'logs_mof_sac', 'device': 'cuda', 'seed': 42, 'num_episodes': 2000, 'max_steps': 300, 'buffer_size': 300000, 'batch_size': 256, 'gamma': 0.99, 'tau': 0.005, 'lr': 0.0003, 'warmup_steps': 20000, 'update_every': 1, 'gradient_steps': 1, 'fixed_alpha': False, 'alpha': 0.2}
2025-11-26 01:26:11 - INFO - train - Using device: cuda
2025-11-26 01:26:11 - INFO - train - Loading MACE model from mofs_v2.model
2025-11-26 01:26:12 - INFO - train - Initial obs_dim=360, act_dim=3, N_atoms=74
2025-11-26 01:27:28 - INFO - train - Arguments: {'mof_dir': 'mofs/train_pool_valid', 'model_path': 'mofs_v2.model', 'log_dir': 'logs_mof_sac', 'device': 'cuda', 'seed': 42, 'num_episodes': 2000, 'max_steps': 300, 'buffer_size': 300000, 'batch_size': 256, 'gamma': 0.99, 'tau': 0.005, 'lr': 0.0003, 'warmup_steps': 20000, 'update_every': 1, 'gradient_steps': 1, 'fixed_alpha': False, 'alpha': 0.2}
2025-11-26 01:27:28 - INFO - train - Using device: cuda
2025-11-26 01:27:28 - INFO - train - Loading MACE model from mofs_v2.model
2025-11-26 01:27:29 - INFO - train - Initial obs_dim=360, act_dim=3, N_atoms=74
2025-11-26 01:29:08 - INFO - train - Arguments: {'mof_dir': 'mofs/train_pool_valid', 'model_path': 'mofs_v2.model', 'log_dir': 'logs_mof_sac', 'device': 'cuda', 'seed': 42, 'num_episodes': 2000, 'max_steps': 300, 'buffer_size': 300000, 'batch_size': 256, 'gamma': 0.99, 'tau': 0.005, 'lr': 0.0003, 'warmup_steps': 20000, 'update_every': 1, 'gradient_steps': 1, 'fixed_alpha': False, 'alpha': 0.2}
2025-11-26 01:29:08 - INFO - train - Using device: cuda
2025-11-26 01:29:08 - INFO - train - Loading MACE model from mofs_v2.model
2025-11-26 01:29:09 - INFO - train - Initial obs_dim=360, act_dim=3, N_atoms=74
2025-11-26 01:29:11 - INFO - train - [EP 0][STEP 1] N=68 | Fmax=3.548e+00, Fmean=1.303e+00 | E=-406.547397, E/atom=-5.978638 | COM=3.027e-03 | Disp_mean=3.702e-02, Disp_max=5.816e-02 | bond_pen=0.000 | rew=-1.569017 | total_steps=1 | buffer=68
2025-11-26 01:29:12 - INFO - train - [EP 0][STEP 2] N=68 | Fmax=5.033e+00, Fmean=1.603e+00 | E=-405.659268, E/atom=-5.965577 | COM=2.214e-02 | Disp_mean=3.959e-02, Disp_max=6.509e-02 | bond_pen=0.000 | rew=-0.351957 | total_steps=2 | buffer=136
2025-11-26 01:29:13 - INFO - train - [EP 0][STEP 3] N=68 | Fmax=6.901e+00, Fmean=2.121e+00 | E=-404.429681, E/atom=-5.947495 | COM=5.002e-02 | Disp_mean=4.439e-02, Disp_max=6.098e-02 | bond_pen=0.000 | rew=-0.320554 | total_steps=3 | buffer=204
2025-11-26 01:29:13 - INFO - train - [EP 0][STEP 4] N=68 | Fmax=7.467e+00, Fmean=2.539e+00 | E=-402.872745, E/atom=-5.924599 | COM=7.302e-02 | Disp_mean=4.925e-02, Disp_max=6.442e-02 | bond_pen=0.000 | rew=-0.086163 | total_steps=4 | buffer=272
2025-11-26 01:29:13 - INFO - train - [EP 0][STEP 5] N=68 | Fmax=9.789e+00, Fmean=3.126e+00 | E=-400.288757, E/atom=-5.886599 | COM=1.112e-01 | Disp_mean=4.944e-02, Disp_max=6.385e-02 | bond_pen=0.000 | rew=-0.281892 | total_steps=5 | buffer=340
2025-11-26 01:29:13 - INFO - train - [EP 0][STEP 6] N=68 | Fmax=1.349e+01, Fmean=3.533e+00 | E=-397.486616, E/atom=-5.845391 | COM=1.531e-01 | Disp_mean=5.322e-02, Disp_max=6.505e-02 | bond_pen=0.000 | rew=-0.335808 | total_steps=6 | buffer=408
2025-11-26 01:29:14 - INFO - train - [EP 0][STEP 7] N=68 | Fmax=1.794e+01, Fmean=4.151e+00 | E=-393.125387, E/atom=-5.781256 | COM=1.817e-01 | Disp_mean=5.443e-02, Disp_max=6.733e-02 | bond_pen=0.000 | rew=-0.303491 | total_steps=7 | buffer=476
2025-11-26 01:29:14 - INFO - train - [EP 0][STEP 8] N=68 | Fmax=2.312e+01, Fmean=4.726e+00 | E=-387.693143, E/atom=-5.701370 | COM=2.223e-01 | Disp_mean=5.767e-02, Disp_max=6.851e-02 | bond_pen=0.000 | rew=-0.275715 | total_steps=8 | buffer=544
2025-11-26 01:29:14 - INFO - train - [EP 0][STEP 9] N=68 | Fmax=2.871e+01, Fmean=5.587e+00 | E=-379.186911, E/atom=-5.576278 | COM=2.618e-01 | Disp_mean=5.851e-02, Disp_max=6.922e-02 | bond_pen=0.000 | rew=-0.242877 | total_steps=9 | buffer=612
2025-11-26 01:29:14 - INFO - train - [EP 0][STEP 10] N=68 | Fmax=3.524e+01, Fmean=6.791e+00 | E=-367.963912, E/atom=-5.411234 | COM=3.013e-01 | Disp_mean=5.937e-02, Disp_max=6.928e-02 | bond_pen=0.000 | rew=-0.234933 | total_steps=10 | buffer=680
2025-11-26 01:29:15 - INFO - train - [EP 0][STEP 11] N=68 | Fmax=3.635e+01, Fmean=7.626e+00 | E=-357.697539, E/atom=-5.260258 | COM=3.387e-01 | Disp_mean=6.037e-02, Disp_max=6.928e-02 | bond_pen=0.000 | rew=-0.064923 | total_steps=11 | buffer=748
2025-11-26 01:29:15 - INFO - train - [EP 0][STEP 12] N=68 | Fmax=3.811e+01, Fmean=7.925e+00 | E=-348.784936, E/atom=-5.129190 | COM=3.807e-01 | Disp_mean=6.138e-02, Disp_max=6.928e-02 | bond_pen=0.000 | rew=-0.085376 | total_steps=12 | buffer=816
2025-11-26 01:29:15 - INFO - train - [EP 0][STEP 13] N=68 | Fmax=3.857e+01, Fmean=8.313e+00 | E=-341.312335, E/atom=-5.019299 | COM=4.194e-01 | Disp_mean=6.169e-02, Disp_max=6.928e-02 | bond_pen=0.000 | rew=-0.054080 | total_steps=13 | buffer=884
2025-11-26 01:29:16 - INFO - train - [EP 0][STEP 14] N=68 | Fmax=4.349e+01, Fmean=8.660e+00 | E=-331.349390, E/atom=-4.872785 | COM=4.651e-01 | Disp_mean=6.178e-02, Disp_max=6.928e-02 | bond_pen=0.000 | rew=-0.166365 | total_steps=14 | buffer=952
2025-11-26 01:29:16 - INFO - train - [EP 0][STEP 15] N=68 | Fmax=5.084e+01, Fmean=9.317e+00 | E=-321.392696, E/atom=-4.726363 | COM=5.121e-01 | Disp_mean=6.245e-02, Disp_max=6.928e-02 | bond_pen=0.000 | rew=-0.207545 | total_steps=15 | buffer=1020
2025-11-26 01:29:16 - INFO - train - [EP 0][STEP 16] N=68 | Fmax=5.354e+01, Fmean=9.452e+00 | E=-315.908864, E/atom=-4.645719 | COM=5.600e-01 | Disp_mean=6.239e-02, Disp_max=6.928e-02 | bond_pen=0.000 | rew=-0.107738 | total_steps=16 | buffer=1088
2025-11-26 01:29:16 - INFO - train - [EP 0][STEP 17] N=68 | Fmax=6.739e+01, Fmean=9.993e+00 | E=-309.288555, E/atom=-4.548361 | COM=4.581e-01 | Disp_mean=6.265e-02, Disp_max=6.928e-02 | bond_pen=0.000 | rew=-0.275821 | total_steps=17 | buffer=1156
2025-11-26 01:29:17 - INFO - train - [EP 0][STEP 18] N=68 | Fmax=7.144e+01, Fmean=1.045e+01 | E=-301.720073, E/atom=-4.437060 | COM=5.065e-01 | Disp_mean=6.234e-02, Disp_max=6.928e-02 | bond_pen=0.000 | rew=-0.109010 | total_steps=18 | buffer=1224
2025-11-26 01:29:17 - INFO - train - [EP 0][STEP 19] N=68 | Fmax=9.580e+01, Fmean=1.110e+01 | E=-296.991262, E/atom=-4.367519 | COM=5.204e-01 | Disp_mean=6.264e-02, Disp_max=6.928e-02 | bond_pen=0.000 | rew=-0.345451 | total_steps=19 | buffer=1292
2025-11-26 01:29:17 - INFO - train - [EP 0][STEP 20] N=68 | Fmax=1.026e+02, Fmean=1.137e+01 | E=-292.051929, E/atom=-4.294881 | COM=4.768e-01 | Disp_mean=6.265e-02, Disp_max=6.928e-02 | bond_pen=0.000 | rew=-0.116515 | total_steps=20 | buffer=1360
2025-11-26 01:29:17 - INFO - train - [EP 0][STEP 21] N=68 | Fmax=1.085e+02, Fmean=1.166e+01 | E=-287.046453, E/atom=-4.221271 | COM=5.716e-01 | Disp_mean=6.219e-02, Disp_max=6.928e-02 | bond_pen=0.000 | rew=-0.113259 | total_steps=21 | buffer=1428
2025-11-26 01:29:18 - INFO - train - [EP 0][STEP 22] N=68 | Fmax=9.324e+01, Fmean=1.148e+01 | E=-281.693911, E/atom=-4.142558 | COM=6.893e-01 | Disp_mean=6.236e-02, Disp_max=6.928e-02 | bond_pen=0.000 | rew=0.083064 | total_steps=22 | buffer=1496
2025-11-26 01:29:18 - INFO - train - [EP 0][STEP 23] N=68 | Fmax=8.479e+01, Fmean=1.180e+01 | E=-273.639280, E/atom=-4.024107 | COM=5.205e-01 | Disp_mean=6.160e-02, Disp_max=6.928e-02 | bond_pen=0.000 | rew=0.042930 | total_steps=23 | buffer=1564
2025-11-26 01:29:18 - INFO - train - [EP 0][STEP 24] N=68 | Fmax=7.379e+01, Fmean=1.174e+01 | E=-272.569767, E/atom=-4.008379 | COM=5.056e-01 | Disp_mean=6.251e-02, Disp_max=6.928e-02 | bond_pen=0.000 | rew=0.088398 | total_steps=24 | buffer=1632
2025-11-26 01:29:19 - INFO - train - [EP 0][STEP 25] N=68 | Fmax=6.780e+01, Fmean=1.221e+01 | E=-268.253564, E/atom=-3.944905 | COM=4.826e-01 | Disp_mean=6.216e-02, Disp_max=6.928e-02 | bond_pen=0.000 | rew=0.036425 | total_steps=25 | buffer=1700
2025-11-26 01:29:19 - INFO - train - [EP 0][STEP 26] N=68 | Fmax=6.656e+01, Fmean=1.207e+01 | E=-265.660312, E/atom=-3.906769 | COM=5.062e-01 | Disp_mean=6.278e-02, Disp_max=6.928e-02 | bond_pen=0.000 | rew=-0.032546 | total_steps=26 | buffer=1768
2025-11-26 01:29:19 - INFO - train - [EP 0][STEP 27] N=68 | Fmax=6.276e+01, Fmean=1.148e+01 | E=-267.543720, E/atom=-3.934466 | COM=5.935e-01 | Disp_mean=6.159e-02, Disp_max=6.928e-02 | bond_pen=0.001 | rew=-0.001558 | total_steps=27 | buffer=1836
2025-11-26 01:29:19 - INFO - train - [EP 0][STEP 28] N=68 | Fmax=5.606e+01, Fmean=1.137e+01 | E=-265.448450, E/atom=-3.903654 | COM=5.703e-01 | Disp_mean=6.260e-02, Disp_max=6.928e-02 | bond_pen=0.002 | rew=0.054358 | total_steps=28 | buffer=1904
2025-11-26 01:29:20 - INFO - train - [EP 0][STEP 29] N=68 | Fmax=4.680e+01, Fmean=1.074e+01 | E=-266.056400, E/atom=-3.912594 | COM=5.480e-01 | Disp_mean=6.194e-02, Disp_max=6.928e-02 | bond_pen=0.002 | rew=0.123317 | total_steps=29 | buffer=1972
2025-11-26 01:29:20 - INFO - train - [EP 0][STEP 30] N=68 | Fmax=5.896e+01, Fmean=1.106e+01 | E=-262.605184, E/atom=-3.861841 | COM=5.345e-01 | Disp_mean=6.419e-02, Disp_max=6.928e-02 | bond_pen=0.003 | rew=-0.287716 | total_steps=30 | buffer=2040
2025-11-26 01:29:20 - INFO - train - [EP 0][STEP 31] N=68 | Fmax=5.906e+01, Fmean=1.083e+01 | E=-263.651177, E/atom=-3.877223 | COM=5.152e-01 | Disp_mean=6.293e-02, Disp_max=6.928e-02 | bond_pen=0.005 | rew=-0.058523 | total_steps=31 | buffer=2108
2025-11-26 01:29:20 - INFO - train - [EP 0][STEP 32] N=68 | Fmax=4.915e+01, Fmean=1.071e+01 | E=-264.689669, E/atom=-3.892495 | COM=5.019e-01 | Disp_mean=6.286e-02, Disp_max=6.928e-02 | bond_pen=0.011 | rew=0.122725 | total_steps=32 | buffer=2176
2025-11-26 01:29:21 - INFO - train - [EP 0][STEP 33] N=68 | Fmax=5.279e+01, Fmean=1.167e+01 | E=-259.406867, E/atom=-3.814807 | COM=4.950e-01 | Disp_mean=6.401e-02, Disp_max=6.928e-02 | bond_pen=0.018 | rew=-0.139411 | total_steps=33 | buffer=2244
2025-11-26 01:29:21 - INFO - train - [EP 0][STEP 34] N=68 | Fmax=6.287e+01, Fmean=1.252e+01 | E=-251.370067, E/atom=-3.696619 | COM=3.856e-01 | Disp_mean=6.422e-02, Disp_max=6.928e-02 | bond_pen=0.027 | rew=-0.240535 | total_steps=34 | buffer=2312
2025-11-26 01:29:21 - INFO - train - [EP 0][STEP 35] N=68 | Fmax=6.530e+01, Fmean=1.227e+01 | E=-251.017150, E/atom=-3.691429 | COM=3.814e-01 | Disp_mean=6.430e-02, Disp_max=6.928e-02 | bond_pen=0.033 | rew=-0.109641 | total_steps=35 | buffer=2380
2025-11-26 01:29:22 - INFO - train - [EP 0][STEP 36] N=68 | Fmax=6.599e+01, Fmean=1.254e+01 | E=-246.895896, E/atom=-3.630822 | COM=4.966e-01 | Disp_mean=6.323e-02, Disp_max=6.928e-02 | bond_pen=0.038 | rew=-0.097982 | total_steps=36 | buffer=2448
2025-11-26 01:29:22 - INFO - train - [EP 0][STEP 37] N=68 | Fmax=6.759e+01, Fmean=1.253e+01 | E=-244.324259, E/atom=-3.593004 | COM=4.853e-01 | Disp_mean=6.314e-02, Disp_max=6.928e-02 | bond_pen=0.046 | rew=-0.118897 | total_steps=37 | buffer=2516
2025-11-26 01:29:22 - INFO - train - [EP 0][STEP 38] N=68 | Fmax=6.914e+01, Fmean=1.194e+01 | E=-247.270603, E/atom=-3.636332 | COM=4.519e-01 | Disp_mean=6.324e-02, Disp_max=6.928e-02 | bond_pen=0.054 | rew=-0.121691 | total_steps=38 | buffer=2584
2025-11-26 01:29:22 - INFO - train - [EP 0][STEP 39] N=68 | Fmax=7.122e+01, Fmean=1.199e+01 | E=-247.891370, E/atom=-3.645461 | COM=4.476e-01 | Disp_mean=6.218e-02, Disp_max=6.928e-02 | bond_pen=0.056 | rew=-0.130942 | total_steps=39 | buffer=2652
2025-11-26 01:29:23 - INFO - train - [EP 0][STEP 40] N=68 | Fmax=7.273e+01, Fmean=1.223e+01 | E=-248.214885, E/atom=-3.650219 | COM=4.436e-01 | Disp_mean=6.336e-02, Disp_max=6.928e-02 | bond_pen=0.068 | rew=-0.132777 | total_steps=40 | buffer=2720
2025-11-26 01:29:23 - INFO - train - [EP 0][STEP 41] N=68 | Fmax=6.962e+01, Fmean=1.257e+01 | E=-245.166458, E/atom=-3.605389 | COM=5.224e-01 | Disp_mean=6.431e-02, Disp_max=6.928e-02 | bond_pen=0.073 | rew=-0.081660 | total_steps=41 | buffer=2788
2025-11-26 01:29:23 - INFO - train - [EP 0][STEP 42] N=68 | Fmax=7.673e+01, Fmean=1.339e+01 | E=-239.810017, E/atom=-3.526618 | COM=4.993e-01 | Disp_mean=6.392e-02, Disp_max=6.928e-02 | bond_pen=0.080 | rew=-0.227466 | total_steps=42 | buffer=2856
2025-11-26 01:29:23 - INFO - train - [EP 0][STEP 43] N=68 | Fmax=7.064e+01, Fmean=1.274e+01 | E=-238.352629, E/atom=-3.505186 | COM=5.050e-01 | Disp_mean=6.338e-02, Disp_max=6.928e-02 | bond_pen=0.089 | rew=-0.056750 | total_steps=43 | buffer=2924
2025-11-26 01:29:24 - INFO - train - [EP 0][STEP 44] N=68 | Fmax=5.676e+01, Fmean=1.204e+01 | E=-241.962116, E/atom=-3.558266 | COM=4.999e-01 | Disp_mean=6.313e-02, Disp_max=6.928e-02 | bond_pen=0.094 | rew=0.075170 | total_steps=44 | buffer=2992
2025-11-26 01:29:24 - INFO - train - [EP 0][STEP 45] N=68 | Fmax=5.732e+01, Fmean=1.155e+01 | E=-244.109434, E/atom=-3.589845 | COM=5.925e-01 | Disp_mean=6.411e-02, Disp_max=6.928e-02 | bond_pen=0.102 | rew=-0.170843 | total_steps=45 | buffer=3060
2025-11-26 01:29:24 - INFO - train - [EP 0][STEP 46] N=68 | Fmax=6.144e+01, Fmean=1.167e+01 | E=-239.333760, E/atom=-3.519614 | COM=5.861e-01 | Disp_mean=6.330e-02, Disp_max=6.928e-02 | bond_pen=0.120 | rew=-0.248260 | total_steps=46 | buffer=3128
2025-11-26 01:29:25 - INFO - train - [EP 0][STEP 47] N=68 | Fmax=6.297e+01, Fmean=1.115e+01 | E=-242.222741, E/atom=-3.562099 | COM=5.760e-01 | Disp_mean=6.323e-02, Disp_max=6.928e-02 | bond_pen=0.138 | rew=-0.220386 | total_steps=47 | buffer=3196
2025-11-26 01:29:25 - INFO - train - [EP 0][STEP 48] N=68 | Fmax=6.492e+01, Fmean=1.224e+01 | E=-235.348600, E/atom=-3.461009 | COM=5.756e-01 | Disp_mean=6.286e-02, Disp_max=6.928e-02 | bond_pen=0.158 | rew=-0.246408 | total_steps=48 | buffer=3264
2025-11-26 01:29:25 - INFO - train - [EP 0][STEP 49] N=68 | Fmax=6.622e+01, Fmean=1.213e+01 | E=-235.303722, E/atom=-3.460349 | COM=5.652e-01 | Disp_mean=6.306e-02, Disp_max=6.928e-02 | bond_pen=0.170 | rew=-0.245988 | total_steps=49 | buffer=3332
2025-11-26 01:29:25 - INFO - train - [EP 0][STEP 50] N=68 | Fmax=5.993e+01, Fmean=1.168e+01 | E=-233.478940, E/atom=-3.433514 | COM=5.769e-01 | Disp_mean=6.307e-02, Disp_max=6.928e-02 | bond_pen=0.187 | rew=-0.144516 | total_steps=50 | buffer=3400
2025-11-26 01:29:26 - INFO - train - [EP 0][STEP 51] N=68 | Fmax=5.965e+01, Fmean=1.189e+01 | E=-231.499197, E/atom=-3.404400 | COM=5.800e-01 | Disp_mean=6.197e-02, Disp_max=6.928e-02 | bond_pen=0.210 | rew=-0.263614 | total_steps=51 | buffer=3468
2025-11-26 01:29:26 - INFO - train - [EP 0][STEP 52] N=68 | Fmax=6.125e+01, Fmean=1.184e+01 | E=-230.616599, E/atom=-3.391421 | COM=4.774e-01 | Disp_mean=6.201e-02, Disp_max=6.928e-02 | bond_pen=0.233 | rew=-0.307057 | total_steps=52 | buffer=3536
2025-11-26 01:29:26 - INFO - train - [EP 0][STEP 53] N=68 | Fmax=7.408e+01, Fmean=1.276e+01 | E=-227.768989, E/atom=-3.349544 | COM=4.789e-01 | Disp_mean=6.403e-02, Disp_max=6.928e-02 | bond_pen=0.251 | rew=-0.488814 | total_steps=53 | buffer=3604
2025-11-26 01:29:26 - INFO - train - [EP 0][STEP 54] N=68 | Fmax=7.818e+01, Fmean=1.363e+01 | E=-224.366992, E/atom=-3.299515 | COM=4.958e-01 | Disp_mean=6.318e-02, Disp_max=6.928e-02 | bond_pen=0.279 | rew=-0.382306 | total_steps=54 | buffer=3672
2025-11-26 01:29:27 - INFO - train - [EP 0][STEP 55] N=68 | Fmax=1.278e+02, Fmean=1.643e+01 | E=-221.549975, E/atom=-3.258088 | COM=5.105e-01 | Disp_mean=6.418e-02, Disp_max=6.928e-02 | bond_pen=0.306 | rew=-0.848981 | total_steps=55 | buffer=3740
2025-11-26 01:29:27 - INFO - train - [EP 0][STEP 56] N=68 | Fmax=1.286e+02, Fmean=1.721e+01 | E=-216.764193, E/atom=-3.187709 | COM=4.654e-01 | Disp_mean=6.273e-02, Disp_max=6.928e-02 | bond_pen=0.336 | rew=-0.388820 | total_steps=56 | buffer=3808
2025-11-26 01:29:27 - INFO - train - [EP 0][STEP 57] N=68 | Fmax=1.177e+02, Fmean=1.547e+01 | E=-214.895767, E/atom=-3.160232 | COM=4.834e-01 | Disp_mean=6.346e-02, Disp_max=6.928e-02 | bond_pen=0.360 | rew=-0.319267 | total_steps=57 | buffer=3876
2025-11-26 01:29:28 - INFO - train - [EP 0][STEP 58] N=68 | Fmax=9.568e+01, Fmean=1.497e+01 | E=-211.481404, E/atom=-3.110021 | COM=6.008e-01 | Disp_mean=6.269e-02, Disp_max=6.928e-02 | bond_pen=0.387 | rew=-0.239996 | total_steps=58 | buffer=3944
2025-11-26 01:29:28 - INFO - train - [EP 0][STEP 59] N=68 | Fmax=1.136e+02, Fmean=1.709e+01 | E=-204.129420, E/atom=-3.001903 | COM=5.236e-01 | Disp_mean=6.465e-02, Disp_max=6.928e-02 | bond_pen=0.411 | rew=-0.635544 | total_steps=59 | buffer=4012
2025-11-26 01:29:28 - INFO - train - [EP 0][STEP 60] N=68 | Fmax=2.807e+02, Fmean=2.561e+01 | E=-203.314761, E/atom=-2.989923 | COM=5.395e-01 | Disp_mean=6.420e-02, Disp_max=6.928e-02 | bond_pen=0.452 | rew=-1.410485 | total_steps=60 | buffer=4080
2025-11-26 01:29:28 - INFO - train - [EP 0][STEP 61] N=68 | Fmax=1.926e+03, Fmean=1.020e+02 | E=-131.967853, E/atom=-1.940704 | COM=5.621e-01 | Disp_mean=6.467e-02, Disp_max=6.928e-02 | bond_pen=0.491 | rew=-2.473137 | total_steps=61 | buffer=4148
2025-11-26 01:29:29 - INFO - train - [EP 0][STEP 62] N=68 | Fmax=1.788e+03, Fmean=9.132e+01 | E=-185.281890, E/atom=-2.724734 | COM=5.648e-01 | Disp_mean=6.789e-02, Disp_max=6.928e-02 | bond_pen=0.506 | rew=-0.488248 | total_steps=62 | buffer=4216
2025-11-26 01:29:29 - INFO - train - [EP 0][STEP 63] N=68 | Fmax=5.524e+02, Fmean=3.743e+01 | E=-193.043947, E/atom=-2.838882 | COM=5.918e-01 | Disp_mean=6.672e-02, Disp_max=6.928e-02 | bond_pen=0.524 | rew=0.592046 | total_steps=63 | buffer=4284
2025-11-26 01:29:29 - INFO - train - [EP 0][STEP 64] N=68 | Fmax=4.570e+02, Fmean=3.432e+01 | E=-204.406343, E/atom=-3.005976 | COM=6.102e-01 | Disp_mean=6.471e-02, Disp_max=6.928e-02 | bond_pen=0.554 | rew=-0.425298 | total_steps=64 | buffer=4352
2025-11-26 01:29:29 - INFO - train - [EP 0][STEP 65] N=68 | Fmax=9.558e+02, Fmean=8.298e+01 | E=-187.554307, E/atom=-2.758152 | COM=6.359e-01 | Disp_mean=6.535e-02, Disp_max=6.928e-02 | bond_pen=0.584 | rew=-1.385309 | total_steps=65 | buffer=4420
2025-11-26 01:29:30 - INFO - train - [EP 0][STEP 66] N=68 | Fmax=1.041e+03, Fmean=9.323e+01 | E=-147.514567, E/atom=-2.169332 | COM=6.528e-01 | Disp_mean=6.709e-02, Disp_max=6.928e-02 | bond_pen=0.586 | rew=-0.736357 | total_steps=66 | buffer=4488
2025-11-26 01:29:30 - INFO - train - [EP 0][STEP 67] N=68 | Fmax=1.273e+03, Fmean=9.399e+01 | E=-120.882795, E/atom=-1.777688 | COM=6.831e-01 | Disp_mean=6.771e-02, Disp_max=6.928e-02 | bond_pen=0.593 | rew=-0.862435 | total_steps=67 | buffer=4556
2025-11-26 01:29:30 - INFO - train - [EP 0][STEP 68] N=68 | Fmax=1.620e+03, Fmean=1.030e+02 | E=-113.821269, E/atom=-1.673842 | COM=7.125e-01 | Disp_mean=6.749e-02, Disp_max=6.928e-02 | bond_pen=0.602 | rew=-0.914898 | total_steps=68 | buffer=4624
2025-11-26 01:29:31 - INFO - train - [EP 0][STEP 69] N=68 | Fmax=2.948e+03, Fmean=1.207e+02 | E=-110.153520, E/atom=-1.619905 | COM=7.454e-01 | Disp_mean=6.744e-02, Disp_max=6.928e-02 | bond_pen=0.608 | rew=-1.280589 | total_steps=69 | buffer=4692
2025-11-26 01:29:31 - INFO - train - [EP 0][STEP 70] N=68 | Fmax=4.342e+03, Fmean=1.705e+02 | E=-47.073607, E/atom=-0.692259 | COM=7.773e-01 | Disp_mean=6.723e-02, Disp_max=6.928e-02 | bond_pen=0.609 | rew=-1.074302 | total_steps=70 | buffer=4760
2025-11-26 01:29:31 - INFO - train - [EP 0][STEP 71] N=68 | Fmax=2.921e+03, Fmean=1.211e+02 | E=107.476407, E/atom=1.580535 | COM=8.163e-01 | Disp_mean=6.799e-02, Disp_max=6.928e-02 | bond_pen=0.620 | rew=-0.304634 | total_steps=71 | buffer=4828
2025-11-26 01:29:31 - INFO - train - [EP 0][STEP 72] N=68 | Fmax=5.429e+03, Fmean=2.363e+02 | E=240.767663, E/atom=3.540701 | COM=8.492e-01 | Disp_mean=6.709e-02, Disp_max=6.928e-02 | bond_pen=0.637 | rew=-1.341700 | total_steps=72 | buffer=4896
2025-11-26 01:29:32 - INFO - train - [EP 0][STEP 73] N=68 | Fmax=7.129e+03, Fmean=3.206e+02 | E=379.786679, E/atom=5.585098 | COM=8.937e-01 | Disp_mean=6.816e-02, Disp_max=6.928e-02 | bond_pen=0.644 | rew=-1.006009 | total_steps=73 | buffer=4964
2025-11-26 01:29:32 - INFO - train - [EP 0][STEP 74] N=68 | Fmax=5.051e+03, Fmean=2.414e+02 | E=511.916436, E/atom=7.528183 | COM=8.246e-01 | Disp_mean=6.843e-02, Disp_max=6.928e-02 | bond_pen=0.651 | rew=-0.388599 | total_steps=74 | buffer=5032
2025-11-26 01:29:32 - INFO - train - [EP 0][STEP 75] N=68 | Fmax=5.790e+03, Fmean=2.603e+02 | E=603.123053, E/atom=8.869457 | COM=8.623e-01 | Disp_mean=6.709e-02, Disp_max=6.928e-02 | bond_pen=0.668 | rew=-0.890435 | total_steps=75 | buffer=5100
2025-11-26 01:29:32 - INFO - train - [EP 0][STEP 76] N=68 | Fmax=5.138e+03, Fmean=2.298e+02 | E=611.728347, E/atom=8.996005 | COM=8.999e-01 | Disp_mean=6.852e-02, Disp_max=6.928e-02 | bond_pen=0.683 | rew=-0.653578 | total_steps=76 | buffer=5168
2025-11-26 01:29:33 - INFO - train - [EP 0][STEP 77] N=68 | Fmax=5.630e+03, Fmean=2.476e+02 | E=650.867638, E/atom=9.571583 | COM=9.403e-01 | Disp_mean=6.789e-02, Disp_max=6.928e-02 | bond_pen=0.679 | rew=-0.864455 | total_steps=77 | buffer=5236
2025-11-26 01:29:33 - INFO - train - [EP 0][STEP 78] N=68 | Fmax=6.964e+03, Fmean=2.985e+02 | E=643.998207, E/atom=9.470562 | COM=9.253e-01 | Disp_mean=6.815e-02, Disp_max=6.928e-02 | bond_pen=0.680 | rew=-0.985415 | total_steps=78 | buffer=5304
2025-11-26 01:29:33 - INFO - train - [EP 0][STEP 79] N=68 | Fmax=7.552e+03, Fmean=3.123e+02 | E=595.996728, E/atom=8.764658 | COM=9.171e-01 | Disp_mean=6.809e-02, Disp_max=6.928e-02 | bond_pen=0.681 | rew=-0.853479 | total_steps=79 | buffer=5372
2025-11-26 01:29:34 - INFO - train - [EP 0][STEP 80] N=68 | Fmax=6.332e+03, Fmean=2.460e+02 | E=551.382948, E/atom=8.108573 | COM=3.901e-01 | Disp_mean=6.848e-02, Disp_max=6.928e-02 | bond_pen=0.694 | rew=-0.556384 | total_steps=80 | buffer=5440
2025-11-26 01:29:34 - INFO - train - [EP 0][STEP 81] N=68 | Fmax=6.604e+03, Fmean=2.466e+02 | E=523.134428, E/atom=7.693153 | COM=9.319e-01 | Disp_mean=6.796e-02, Disp_max=6.928e-02 | bond_pen=0.700 | rew=-0.834836 | total_steps=81 | buffer=5508
2025-11-26 01:29:34 - INFO - train - [EP 0][STEP 82] N=68 | Fmax=5.343e+03, Fmean=2.051e+02 | E=223.985450, E/atom=3.293904 | COM=3.835e-01 | Disp_mean=6.846e-02, Disp_max=6.928e-02 | bond_pen=0.720 | rew=-0.546527 | total_steps=82 | buffer=5576
2025-11-26 01:29:34 - INFO - train - [EP 0][STEP 83] N=68 | Fmax=3.284e+03, Fmean=1.496e+02 | E=178.004333, E/atom=2.617711 | COM=3.882e-01 | Disp_mean=6.818e-02, Disp_max=6.928e-02 | bond_pen=0.754 | rew=-0.305705 | total_steps=83 | buffer=5644
2025-11-26 01:29:35 - INFO - train - [EP 0][STEP 84] N=68 | Fmax=2.294e+03, Fmean=1.688e+02 | E=108.905997, E/atom=1.601559 | COM=4.038e-01 | Disp_mean=6.762e-02, Disp_max=6.928e-02 | bond_pen=0.755 | rew=-0.436517 | total_steps=84 | buffer=5712
2025-11-26 01:29:35 - INFO - train - [EP 0][STEP 85] N=68 | Fmax=3.068e+03, Fmean=1.906e+02 | E=167.390236, E/atom=2.461621 | COM=2.825e-01 | Disp_mean=6.851e-02, Disp_max=6.928e-02 | bond_pen=0.780 | rew=-1.098486 | total_steps=85 | buffer=5780
2025-11-26 01:29:35 - INFO - train - [EP 0][STEP 86] N=68 | Fmax=6.454e+03, Fmean=3.344e+02 | E=311.641127, E/atom=4.582958 | COM=4.401e-01 | Disp_mean=6.811e-02, Disp_max=6.928e-02 | bond_pen=0.783 | rew=-1.570478 | total_steps=86 | buffer=5848
2025-11-26 01:29:35 - INFO - train - [EP 0][STEP 87] N=68 | Fmax=6.538e+03, Fmean=3.460e+02 | E=349.773706, E/atom=5.143731 | COM=4.696e-01 | Disp_mean=6.854e-02, Disp_max=6.928e-02 | bond_pen=0.796 | rew=-0.856272 | total_steps=87 | buffer=5916
2025-11-26 01:29:36 - INFO - train - [EP 0][STEP 88] N=68 | Fmax=6.439e+03, Fmean=3.359e+02 | E=330.058512, E/atom=4.853802 | COM=4.962e-01 | Disp_mean=6.836e-02, Disp_max=6.928e-02 | bond_pen=0.832 | rew=-0.866290 | total_steps=88 | buffer=5984
2025-11-26 01:29:36 - INFO - train - [EP 0][STEP 89] N=68 | Fmax=6.089e+03, Fmean=3.212e+02 | E=294.865083, E/atom=4.336251 | COM=3.836e-01 | Disp_mean=6.794e-02, Disp_max=6.928e-02 | bond_pen=0.854 | rew=-0.836002 | total_steps=89 | buffer=6052
2025-11-26 01:29:36 - INFO - train - [EP 0][STEP 90] N=68 | Fmax=5.708e+03, Fmean=3.087e+02 | E=267.257806, E/atom=3.930262 | COM=4.150e-01 | Disp_mean=6.822e-02, Disp_max=6.928e-02 | bond_pen=0.861 | rew=-0.837513 | total_steps=90 | buffer=6120
2025-11-26 01:29:37 - INFO - train - [EP 0][STEP 91] N=68 | Fmax=4.898e+03, Fmean=2.780e+02 | E=267.070257, E/atom=3.927504 | COM=3.127e-01 | Disp_mean=6.848e-02, Disp_max=6.928e-02 | bond_pen=0.831 | rew=-0.709675 | total_steps=91 | buffer=6188
2025-11-26 01:29:37 - INFO - train - [EP 0][STEP 92] N=68 | Fmax=4.872e+03, Fmean=2.799e+02 | E=384.436086, E/atom=5.653472 | COM=6.068e-01 | Disp_mean=6.836e-02, Disp_max=6.928e-02 | bond_pen=0.819 | rew=-0.874215 | total_steps=92 | buffer=6256
2025-11-26 01:29:37 - INFO - train - [EP 0][STEP 93] N=68 | Fmax=7.351e+03, Fmean=3.883e+02 | E=698.715875, E/atom=10.275233 | COM=9.033e-01 | Disp_mean=6.822e-02, Disp_max=6.928e-02 | bond_pen=0.823 | rew=-1.324665 | total_steps=93 | buffer=6324
2025-11-26 01:29:37 - INFO - train - [EP 0][STEP 94] N=68 | Fmax=6.613e+03, Fmean=3.475e+02 | E=568.680786, E/atom=8.362953 | COM=8.874e-01 | Disp_mean=6.845e-02, Disp_max=6.928e-02 | bond_pen=0.805 | rew=-0.787634 | total_steps=94 | buffer=6392
2025-11-26 01:29:38 - INFO - train - [EP 0][STEP 95] N=68 | Fmax=6.747e+03, Fmean=3.261e+02 | E=588.913070, E/atom=8.660486 | COM=1.014e+00 | Disp_mean=6.853e-02, Disp_max=6.928e-02 | bond_pen=0.788 | rew=-0.909198 | total_steps=95 | buffer=6460
2025-11-26 01:29:38 - INFO - train - [EP 0][STEP 96] N=68 | Fmax=5.641e+03, Fmean=2.311e+02 | E=520.473549, E/atom=7.654023 | COM=1.084e+00 | Disp_mean=6.839e-02, Disp_max=6.928e-02 | bond_pen=0.788 | rew=-0.717572 | total_steps=96 | buffer=6528
2025-11-26 01:29:38 - INFO - train - [EP 0][STEP 97] N=68 | Fmax=6.225e+03, Fmean=2.999e+02 | E=462.034224, E/atom=6.794621 | COM=1.175e+00 | Disp_mean=6.824e-02, Disp_max=6.928e-02 | bond_pen=0.789 | rew=-1.005059 | total_steps=97 | buffer=6596
2025-11-26 01:29:38 - INFO - train - [EP 0][STEP 98] N=68 | Fmax=8.857e+03, Fmean=3.906e+02 | E=517.752355, E/atom=7.614005 | COM=1.163e+00 | Disp_mean=6.867e-02, Disp_max=6.928e-02 | bond_pen=0.821 | rew=-1.289510 | total_steps=98 | buffer=6664
2025-11-26 01:29:39 - INFO - train - [EP 0][STEP 99] N=68 | Fmax=1.139e+04, Fmean=4.812e+02 | E=645.149322, E/atom=9.487490 | COM=1.142e+00 | Disp_mean=6.876e-02, Disp_max=6.928e-02 | bond_pen=0.815 | rew=-1.180744 | total_steps=99 | buffer=6732
2025-11-26 01:29:39 - INFO - train - [EP 0][STEP 100] N=68 | Fmax=1.466e+04, Fmean=5.974e+02 | E=693.171915, E/atom=10.193705 | COM=1.125e+00 | Disp_mean=6.880e-02, Disp_max=6.928e-02 | bond_pen=0.839 | rew=-1.203114 | total_steps=100 | buffer=6800
2025-11-26 01:29:39 - INFO - train - [EP 0][STEP 101] N=68 | Fmax=1.729e+04, Fmean=7.570e+02 | E=832.643287, E/atom=12.244754 | COM=1.106e+00 | Disp_mean=6.898e-02, Disp_max=6.928e-02 | bond_pen=0.864 | rew=-1.139898 | total_steps=101 | buffer=6868
2025-11-26 01:29:39 - INFO - train - [EP 0][STEP 102] N=68 | Fmax=1.885e+04, Fmean=9.596e+02 | E=1118.720867, E/atom=16.451777 | COM=1.099e+00 | Disp_mean=6.912e-02, Disp_max=6.928e-02 | bond_pen=0.863 | rew=-1.059547 | total_steps=102 | buffer=6936
2025-11-26 01:29:40 - INFO - train - [EP 0][STEP 103] N=68 | Fmax=9.749e+03, Fmean=4.605e+02 | E=1041.315064, E/atom=15.313457 | COM=1.195e+00 | Disp_mean=6.874e-02, Disp_max=6.928e-02 | bond_pen=0.856 | rew=-0.316369 | total_steps=103 | buffer=7004
2025-11-26 01:29:40 - INFO - train - [EP 0][STEP 104] N=68 | Fmax=1.003e+04, Fmean=5.018e+02 | E=769.658995, E/atom=11.318515 | COM=1.143e+00 | Disp_mean=6.867e-02, Disp_max=6.928e-02 | bond_pen=0.863 | rew=-1.005887 | total_steps=104 | buffer=7072
2025-11-26 01:29:40 - INFO - train - [EP 0][STEP 105] N=68 | Fmax=1.113e+04, Fmean=6.705e+02 | E=708.316372, E/atom=10.416417 | COM=1.100e+00 | Disp_mean=6.887e-02, Disp_max=6.928e-02 | bond_pen=0.863 | rew=-1.077812 | total_steps=105 | buffer=7140
2025-11-26 01:29:41 - INFO - train - [EP 0][STEP 106] N=68 | Fmax=7.297e+03, Fmean=3.954e+02 | E=677.745575, E/atom=9.966847 | COM=1.084e+00 | Disp_mean=6.881e-02, Disp_max=6.928e-02 | bond_pen=0.864 | rew=-0.550025 | total_steps=106 | buffer=7208
2025-11-26 01:29:41 - INFO - train - [EP 0][STEP 107] N=68 | Fmax=9.150e+03, Fmean=5.942e+02 | E=820.619802, E/atom=12.067938 | COM=1.065e+00 | Disp_mean=6.884e-02, Disp_max=6.928e-02 | bond_pen=0.848 | rew=-1.180558 | total_steps=107 | buffer=7276
2025-11-26 01:29:41 - INFO - train - [EP 0][STEP 108] N=68 | Fmax=1.065e+04, Fmean=5.048e+02 | E=564.891631, E/atom=8.307230 | COM=1.050e+00 | Disp_mean=6.903e-02, Disp_max=6.928e-02 | bond_pen=0.841 | rew=-1.097919 | total_steps=108 | buffer=7344
2025-11-26 01:29:41 - INFO - train - [EP 0][STEP 109] N=68 | Fmax=2.372e+03, Fmean=1.737e+02 | E=466.214650, E/atom=6.856098 | COM=1.032e+00 | Disp_mean=6.891e-02, Disp_max=6.928e-02 | bond_pen=0.848 | rew=0.550338 | total_steps=109 | buffer=7412
2025-11-26 01:29:42 - INFO - train - [EP 0][STEP 110] N=68 | Fmax=7.539e+03, Fmean=3.526e+02 | E=525.929620, E/atom=7.734259 | COM=1.024e+00 | Disp_mean=6.820e-02, Disp_max=6.928e-02 | bond_pen=0.842 | rew=-2.101012 | total_steps=110 | buffer=7480
2025-11-26 01:29:42 - INFO - train - [EP 0][STEP 111] N=68 | Fmax=9.379e+03, Fmean=4.437e+02 | E=671.646252, E/atom=9.877151 | COM=1.018e+00 | Disp_mean=6.799e-02, Disp_max=6.928e-02 | bond_pen=0.848 | rew=-1.167902 | total_steps=111 | buffer=7548
2025-11-26 01:29:42 - INFO - train - [EP 0][STEP 112] N=68 | Fmax=1.217e+04, Fmean=5.876e+02 | E=801.954690, E/atom=11.793451 | COM=9.300e-01 | Disp_mean=6.859e-02, Disp_max=6.928e-02 | bond_pen=0.876 | rew=-1.229081 | total_steps=112 | buffer=7616
2025-11-26 01:29:42 - INFO - train - [EP 0][STEP 113] N=68 | Fmax=1.496e+04, Fmean=5.968e+02 | E=823.352852, E/atom=12.108130 | COM=8.973e-01 | Disp_mean=6.847e-02, Disp_max=6.928e-02 | bond_pen=0.886 | rew=-1.182134 | total_steps=113 | buffer=7684
2025-11-26 01:29:43 - INFO - train - [EP 0][STEP 114] N=68 | Fmax=2.041e+04, Fmean=8.894e+02 | E=1357.222262, E/atom=19.959151 | COM=8.817e-01 | Disp_mean=6.849e-02, Disp_max=6.928e-02 | bond_pen=0.913 | rew=-1.312365 | total_steps=114 | buffer=7752
2025-11-26 01:29:43 - INFO - train - [EP 0][STEP 115] N=68 | Fmax=2.232e+04, Fmean=8.608e+02 | E=1342.526270, E/atom=19.743033 | COM=9.635e-01 | Disp_mean=6.905e-02, Disp_max=6.928e-02 | bond_pen=0.942 | rew=-1.128140 | total_steps=115 | buffer=7820
2025-11-26 01:29:43 - INFO - train - [EP 0][STEP 116] N=68 | Fmax=2.150e+04, Fmean=8.315e+02 | E=1292.869147, E/atom=19.012782 | COM=9.998e-01 | Disp_mean=6.911e-02, Disp_max=6.928e-02 | bond_pen=0.969 | rew=-1.031348 | total_steps=116 | buffer=7888
2025-11-26 01:29:44 - INFO - train - [EP 0][STEP 117] N=68 | Fmax=1.956e+04, Fmean=7.873e+02 | E=1240.390556, E/atom=18.241038 | COM=9.616e-01 | Disp_mean=6.903e-02, Disp_max=6.928e-02 | bond_pen=0.993 | rew=-0.994752 | total_steps=117 | buffer=7956
2025-11-26 01:29:44 - INFO - train - [EP 0][STEP 118] N=68 | Fmax=1.911e+04, Fmean=7.801e+02 | E=1217.180269, E/atom=17.899710 | COM=9.539e-01 | Disp_mean=6.868e-02, Disp_max=6.928e-02 | bond_pen=1.023 | rew=-1.095250 | total_steps=118 | buffer=8024
2025-11-26 01:29:44 - INFO - train - [EP 0][STEP 119] N=68 | Fmax=1.665e+04, Fmean=9.670e+02 | E=1428.397095, E/atom=21.005840 | COM=8.875e-01 | Disp_mean=6.873e-02, Disp_max=6.928e-02 | bond_pen=1.067 | rew=-1.018363 | total_steps=119 | buffer=8092
2025-11-26 01:29:44 - INFO - train - [EP 0][STEP 120] N=68 | Fmax=2.439e+04, Fmean=1.316e+03 | E=2179.797488, E/atom=32.055845 | COM=1.078e+00 | Disp_mean=6.926e-02, Disp_max=6.928e-02 | bond_pen=1.123 | rew=-1.612054 | total_steps=120 | buffer=8160
2025-11-26 01:29:45 - INFO - train - [EP 0][STEP 121] N=68 | Fmax=2.363e+04, Fmean=1.240e+03 | E=1989.669659, E/atom=29.259848 | COM=1.040e+00 | Disp_mean=6.880e-02, Disp_max=6.928e-02 | bond_pen=1.144 | rew=-1.216724 | total_steps=121 | buffer=8228
2025-11-26 01:29:45 - INFO - train - [EP 0][STEP 122] N=68 | Fmax=1.069e+04, Fmean=4.902e+02 | E=608.136006, E/atom=8.943177 | COM=1.001e+00 | Disp_mean=6.913e-02, Disp_max=6.928e-02 | bond_pen=1.157 | rew=-0.463875 | total_steps=122 | buffer=8296
2025-11-26 01:29:45 - INFO - train - [EP 0][STEP 123] N=68 | Fmax=7.550e+03, Fmean=3.303e+02 | E=314.904520, E/atom=4.630949 | COM=9.629e-01 | Disp_mean=6.887e-02, Disp_max=6.928e-02 | bond_pen=1.191 | rew=-0.940028 | total_steps=123 | buffer=8364
2025-11-26 01:29:45 - INFO - train - [EP 0][STEP 124] N=68 | Fmax=6.318e+03, Fmean=2.718e+02 | E=189.524607, E/atom=2.787127 | COM=9.385e-01 | Disp_mean=6.766e-02, Disp_max=6.928e-02 | bond_pen=1.208 | rew=-1.123932 | total_steps=124 | buffer=8432
2025-11-26 01:29:46 - INFO - train - [EP 0][STEP 125] N=68 | Fmax=6.158e+03, Fmean=2.713e+02 | E=172.851462, E/atom=2.541933 | COM=8.980e-01 | Disp_mean=6.851e-02, Disp_max=6.928e-02 | bond_pen=1.231 | rew=-1.294671 | total_steps=125 | buffer=8500
2025-11-26 01:29:46 - INFO - train - [EP 0][STEP 126] N=68 | Fmax=6.438e+03, Fmean=2.820e+02 | E=195.273876, E/atom=2.871675 | COM=8.668e-01 | Disp_mean=6.815e-02, Disp_max=6.928e-02 | bond_pen=1.267 | rew=-1.398340 | total_steps=126 | buffer=8568
2025-11-26 01:29:46 - INFO - train - [EP 0][STEP 127] N=68 | Fmax=6.445e+03, Fmean=2.804e+02 | E=214.581883, E/atom=3.155616 | COM=9.439e-01 | Disp_mean=6.837e-02, Disp_max=6.928e-02 | bond_pen=1.295 | rew=-1.390024 | total_steps=127 | buffer=8636
2025-11-26 01:29:47 - INFO - train - [EP 0][STEP 128] N=68 | Fmax=4.801e+03, Fmean=2.238e+02 | E=216.731338, E/atom=3.187226 | COM=8.443e-01 | Disp_mean=6.797e-02, Disp_max=6.928e-02 | bond_pen=1.318 | rew=-1.107546 | total_steps=128 | buffer=8704
2025-11-26 01:29:47 - INFO - train - [EP 0][STEP 129] N=68 | Fmax=3.499e+03, Fmean=1.695e+02 | E=186.738235, E/atom=2.746151 | COM=8.205e-01 | Disp_mean=6.848e-02, Disp_max=6.928e-02 | bond_pen=1.344 | rew=-1.110107 | total_steps=129 | buffer=8772
2025-11-26 01:29:47 - INFO - train - [EP 0][STEP 130] N=68 | Fmax=3.567e+03, Fmean=1.621e+02 | E=214.558244, E/atom=3.155268 | COM=7.890e-01 | Disp_mean=6.842e-02, Disp_max=6.928e-02 | bond_pen=1.374 | rew=-1.472534 | total_steps=130 | buffer=8840
2025-11-26 01:29:47 - INFO - train - [EP 0][STEP 131] N=68 | Fmax=2.987e+03, Fmean=1.474e+02 | E=209.975737, E/atom=3.087878 | COM=6.658e-01 | Disp_mean=6.863e-02, Disp_max=6.928e-02 | bond_pen=1.395 | rew=-1.283786 | total_steps=131 | buffer=8908
2025-11-26 01:29:48 - INFO - train - [EP 0][STEP 132] N=68 | Fmax=3.100e+03, Fmean=1.524e+02 | E=249.023579, E/atom=3.662111 | COM=6.260e-01 | Disp_mean=6.899e-02, Disp_max=6.928e-02 | bond_pen=1.422 | rew=-1.521847 | total_steps=132 | buffer=8976
2025-11-26 01:29:48 - INFO - train - [EP 0][STEP 133] N=68 | Fmax=3.135e+03, Fmean=1.655e+02 | E=252.231623, E/atom=3.709289 | COM=6.876e-01 | Disp_mean=6.900e-02, Disp_max=6.928e-02 | bond_pen=1.460 | rew=-1.539633 | total_steps=133 | buffer=9044
2025-11-26 01:29:48 - INFO - train - [EP 0][STEP 134] N=68 | Fmax=2.393e+03, Fmean=1.394e+02 | E=236.150886, E/atom=3.472807 | COM=6.452e-01 | Disp_mean=6.852e-02, Disp_max=6.928e-02 | bond_pen=1.466 | rew=-1.259929 | total_steps=134 | buffer=9112
2025-11-26 01:29:48 - INFO - train - [EP 0][STEP 135] N=68 | Fmax=1.916e+03, Fmean=1.195e+02 | E=210.038048, E/atom=3.088795 | COM=6.034e-01 | Disp_mean=6.822e-02, Disp_max=6.928e-02 | bond_pen=1.462 | rew=-1.300708 | total_steps=135 | buffer=9180
2025-11-26 01:29:49 - INFO - train - [EP 0][STEP 136] N=68 | Fmax=1.555e+03, Fmean=1.244e+02 | E=218.027726, E/atom=3.206290 | COM=6.683e-01 | Disp_mean=6.879e-02, Disp_max=6.928e-02 | bond_pen=1.471 | rew=-1.329225 | total_steps=136 | buffer=9248
2025-11-26 01:29:49 - INFO - train - [EP 0][STEP 137] N=68 | Fmax=1.525e+03, Fmean=1.254e+02 | E=241.663334, E/atom=3.553873 | COM=6.544e-01 | Disp_mean=6.812e-02, Disp_max=6.928e-02 | bond_pen=1.472 | rew=-1.517504 | total_steps=137 | buffer=9316
2025-11-26 01:29:49 - INFO - train - [EP 0][STEP 138] N=68 | Fmax=1.693e+03, Fmean=1.127e+02 | E=250.744438, E/atom=3.687418 | COM=6.336e-01 | Disp_mean=6.834e-02, Disp_max=6.928e-02 | bond_pen=1.478 | rew=-1.646450 | total_steps=138 | buffer=9384
2025-11-26 01:29:50 - INFO - train - [EP 0][STEP 139] N=68 | Fmax=1.369e+03, Fmean=1.160e+02 | E=262.971253, E/atom=3.867224 | COM=6.062e-01 | Disp_mean=6.830e-02, Disp_max=6.928e-02 | bond_pen=1.508 | rew=-1.355658 | total_steps=139 | buffer=9452
2025-11-26 01:29:50 - INFO - train - [EP 0][STEP 140] N=68 | Fmax=1.291e+03, Fmean=9.935e+01 | E=246.778723, E/atom=3.629099 | COM=5.816e-01 | Disp_mean=6.863e-02, Disp_max=6.928e-02 | bond_pen=1.504 | rew=-1.504117 | total_steps=140 | buffer=9520
2025-11-26 01:29:50 - INFO - train - [EP 0][STEP 141] N=68 | Fmax=1.133e+03, Fmean=8.690e+01 | E=217.819429, E/atom=3.203227 | COM=5.539e-01 | Disp_mean=6.850e-02, Disp_max=6.928e-02 | bond_pen=1.511 | rew=-1.435391 | total_steps=141 | buffer=9588
2025-11-26 01:29:50 - INFO - train - [EP 0][STEP 142] N=68 | Fmax=1.020e+03, Fmean=8.599e+01 | E=199.519551, E/atom=2.934111 | COM=5.302e-01 | Disp_mean=6.806e-02, Disp_max=6.928e-02 | bond_pen=1.519 | rew=-1.466892 | total_steps=142 | buffer=9656
2025-11-26 01:29:51 - INFO - train - [EP 0][STEP 143] N=68 | Fmax=9.675e+02, Fmean=8.495e+01 | E=215.404140, E/atom=3.167708 | COM=5.152e-01 | Disp_mean=6.874e-02, Disp_max=6.928e-02 | bond_pen=1.545 | rew=-1.543921 | total_steps=143 | buffer=9724
2025-11-26 01:29:51 - INFO - train - [EP 0][STEP 144] N=68 | Fmax=1.050e+03, Fmean=8.654e+01 | E=191.545060, E/atom=2.816839 | COM=4.900e-01 | Disp_mean=6.850e-02, Disp_max=6.928e-02 | bond_pen=1.556 | rew=-1.686534 | total_steps=144 | buffer=9792
2025-11-26 01:29:51 - INFO - train - [EP 0][STEP 145] N=68 | Fmax=1.195e+03, Fmean=9.454e+01 | E=172.209091, E/atom=2.532487 | COM=4.791e-01 | Disp_mean=6.830e-02, Disp_max=6.928e-02 | bond_pen=1.546 | rew=-1.723252 | total_steps=145 | buffer=9860
2025-11-26 01:29:51 - INFO - train - [EP 0][STEP 146] N=68 | Fmax=1.140e+03, Fmean=9.111e+01 | E=172.938498, E/atom=2.543213 | COM=4.738e-01 | Disp_mean=6.903e-02, Disp_max=6.928e-02 | bond_pen=1.563 | rew=-1.563237 | total_steps=146 | buffer=9928
2025-11-26 01:29:52 - INFO - train - [EP 0][STEP 147] N=68 | Fmax=1.079e+03, Fmean=9.297e+01 | E=180.171350, E/atom=2.649579 | COM=4.735e-01 | Disp_mean=6.809e-02, Disp_max=6.928e-02 | bond_pen=1.570 | rew=-1.562940 | total_steps=147 | buffer=9996
2025-11-26 01:29:52 - INFO - train - [EP 0][STEP 148] N=68 | Fmax=9.265e+02, Fmean=8.664e+01 | E=157.199927, E/atom=2.311764 | COM=3.551e-01 | Disp_mean=6.836e-02, Disp_max=6.928e-02 | bond_pen=1.568 | rew=-1.450467 | total_steps=148 | buffer=10064
2025-11-26 01:29:52 - INFO - train - [EP 0][STEP 149] N=68 | Fmax=7.009e+02, Fmean=7.303e+01 | E=113.019462, E/atom=1.662051 | COM=3.611e-01 | Disp_mean=6.831e-02, Disp_max=6.928e-02 | bond_pen=1.569 | rew=-1.325613 | total_steps=149 | buffer=10132
2025-11-26 01:29:53 - INFO - train - [EP 0][STEP 150] N=68 | Fmax=6.323e+02, Fmean=7.419e+01 | E=102.389340, E/atom=1.505726 | COM=3.747e-01 | Disp_mean=6.869e-02, Disp_max=6.928e-02 | bond_pen=1.582 | rew=-1.516567 | total_steps=150 | buffer=10200
2025-11-26 01:29:53 - INFO - train - [EP 0][STEP 151] N=68 | Fmax=2.641e+02, Fmean=5.387e+01 | E=59.198754, E/atom=0.870570 | COM=3.965e-01 | Disp_mean=6.859e-02, Disp_max=6.928e-02 | bond_pen=1.581 | rew=-0.747591 | total_steps=151 | buffer=10268
2025-11-26 01:29:53 - INFO - train - [EP 0][STEP 152] N=68 | Fmax=2.812e+02, Fmean=5.496e+01 | E=57.545836, E/atom=0.846262 | COM=3.726e-01 | Disp_mean=6.828e-02, Disp_max=6.928e-02 | bond_pen=1.580 | rew=-1.679789 | total_steps=152 | buffer=10336
2025-11-26 01:29:53 - INFO - train - [EP 0][STEP 153] N=68 | Fmax=2.586e+02, Fmean=4.869e+01 | E=52.808414, E/atom=0.776594 | COM=9.613e-02 | Disp_mean=6.761e-02, Disp_max=6.928e-02 | bond_pen=1.590 | rew=-1.515641 | total_steps=153 | buffer=10404
2025-11-26 01:29:54 - INFO - train - [EP 0][STEP 154] N=68 | Fmax=4.518e+02, Fmean=5.756e+01 | E=76.977333, E/atom=1.132020 | COM=1.065e-01 | Disp_mean=6.745e-02, Disp_max=6.928e-02 | bond_pen=1.598 | rew=-2.166365 | total_steps=154 | buffer=10472
2025-11-26 01:29:54 - INFO - train - [EP 0][STEP 155] N=68 | Fmax=4.926e+02, Fmean=5.867e+01 | E=65.837706, E/atom=0.968202 | COM=1.816e-01 | Disp_mean=6.818e-02, Disp_max=6.928e-02 | bond_pen=1.612 | rew=-1.716541 | total_steps=155 | buffer=10540
2025-11-26 01:29:54 - INFO - train - [EP 0][STEP 156] N=68 | Fmax=5.755e+02, Fmean=5.811e+01 | E=70.295133, E/atom=1.033752 | COM=2.087e-01 | Disp_mean=6.755e-02, Disp_max=6.928e-02 | bond_pen=1.614 | rew=-1.790484 | total_steps=156 | buffer=10608
2025-11-26 01:29:54 - INFO - train - [EP 0][STEP 157] N=68 | Fmax=6.625e+02, Fmean=5.999e+01 | E=74.459024, E/atom=1.094986 | COM=2.320e-01 | Disp_mean=6.776e-02, Disp_max=6.928e-02 | bond_pen=1.630 | rew=-1.794067 | total_steps=157 | buffer=10676
2025-11-26 01:29:55 - INFO - train - [EP 0][STEP 158] N=68 | Fmax=6.428e+02, Fmean=6.138e+01 | E=97.648916, E/atom=1.436013 | COM=2.493e-01 | Disp_mean=6.753e-02, Disp_max=6.928e-02 | bond_pen=1.639 | rew=-1.633556 | total_steps=158 | buffer=10744
2025-11-26 01:29:55 - INFO - train - [EP 0][STEP 159] N=68 | Fmax=7.177e+02, Fmean=8.745e+01 | E=126.148035, E/atom=1.855118 | COM=1.489e-01 | Disp_mean=6.764e-02, Disp_max=6.928e-02 | bond_pen=1.640 | rew=-1.764774 | total_steps=159 | buffer=10812
2025-11-26 01:29:55 - INFO - train - [EP 0][STEP 160] N=68 | Fmax=6.544e+02, Fmean=8.792e+01 | E=144.120533, E/atom=2.119420 | COM=1.564e-01 | Disp_mean=6.862e-02, Disp_max=6.928e-02 | bond_pen=1.666 | rew=-1.588926 | total_steps=160 | buffer=10880
2025-11-26 01:29:55 - INFO - train - [EP 0][STEP 161] N=68 | Fmax=8.612e+02, Fmean=8.025e+01 | E=114.966229, E/atom=1.690680 | COM=1.739e-01 | Disp_mean=6.776e-02, Disp_max=6.928e-02 | bond_pen=1.687 | rew=-1.979304 | total_steps=161 | buffer=10948
2025-11-26 01:29:56 - INFO - train - [EP 0][STEP 162] N=68 | Fmax=4.872e+02, Fmean=7.034e+01 | E=147.594381, E/atom=2.170506 | COM=2.023e-01 | Disp_mean=6.740e-02, Disp_max=6.928e-02 | bond_pen=1.678 | rew=-1.129048 | total_steps=162 | buffer=11016
2025-11-26 01:29:56 - INFO - train - [EP 0][STEP 163] N=68 | Fmax=6.495e+02, Fmean=8.564e+01 | E=186.507640, E/atom=2.742759 | COM=2.313e-01 | Disp_mean=6.816e-02, Disp_max=6.928e-02 | bond_pen=1.645 | rew=-1.955914 | total_steps=163 | buffer=11084
2025-11-26 01:29:56 - INFO - train - [EP 0][STEP 164] N=68 | Fmax=5.650e+02, Fmean=7.539e+01 | E=152.833392, E/atom=2.247550 | COM=2.588e-01 | Disp_mean=6.886e-02, Disp_max=6.928e-02 | bond_pen=1.625 | rew=-1.511919 | total_steps=164 | buffer=11152
2025-11-26 01:29:57 - INFO - train - [EP 0][STEP 165] N=68 | Fmax=1.290e+03, Fmean=1.074e+02 | E=176.133751, E/atom=2.590202 | COM=1.907e-01 | Disp_mean=6.847e-02, Disp_max=6.928e-02 | bond_pen=1.599 | rew=-2.443065 | total_steps=165 | buffer=11220
2025-11-26 01:29:57 - INFO - train - [EP 0][STEP 166] N=68 | Fmax=6.347e+03, Fmean=3.038e+02 | E=356.844295, E/atom=5.247710 | COM=2.253e-01 | Disp_mean=6.781e-02, Disp_max=6.928e-02 | bond_pen=1.586 | rew=-3.202484 | total_steps=166 | buffer=11288
2025-11-26 01:29:57 - INFO - train - [EP 0][STEP 167] N=68 | Fmax=5.224e+03, Fmean=2.955e+02 | E=405.117709, E/atom=5.957613 | COM=1.821e-01 | Disp_mean=6.841e-02, Disp_max=6.928e-02 | bond_pen=1.580 | rew=-1.403712 | total_steps=167 | buffer=11356
2025-11-26 01:29:57 - INFO - train - [EP 0][STEP 168] N=68 | Fmax=3.709e+03, Fmean=2.227e+02 | E=291.133907, E/atom=4.281381 | COM=3.110e-01 | Disp_mean=6.856e-02, Disp_max=6.928e-02 | bond_pen=1.585 | rew=-1.273738 | total_steps=168 | buffer=11424
2025-11-26 01:29:58 - INFO - train - [EP 0][STEP 169] N=68 | Fmax=1.657e+03, Fmean=1.466e+02 | E=264.906374, E/atom=3.895682 | COM=3.195e-01 | Disp_mean=6.819e-02, Disp_max=6.928e-02 | bond_pen=1.593 | rew=-0.819088 | total_steps=169 | buffer=11492
2025-11-26 01:29:58 - INFO - train - [EP 0][STEP 170] N=68 | Fmax=1.837e+03, Fmean=1.491e+02 | E=268.306670, E/atom=3.945686 | COM=3.342e-01 | Disp_mean=6.849e-02, Disp_max=6.928e-02 | bond_pen=1.598 | rew=-1.734113 | total_steps=170 | buffer=11560
2025-11-26 01:29:58 - INFO - train - [EP 0][STEP 171] N=68 | Fmax=1.830e+03, Fmean=1.439e+02 | E=264.804214, E/atom=3.894180 | COM=3.501e-01 | Disp_mean=6.820e-02, Disp_max=6.928e-02 | bond_pen=1.596 | rew=-1.627998 | total_steps=171 | buffer=11628
2025-11-26 01:29:58 - INFO - train - [EP 0][STEP 172] N=68 | Fmax=1.425e+03, Fmean=1.246e+02 | E=244.459816, E/atom=3.594997 | COM=3.589e-01 | Disp_mean=6.771e-02, Disp_max=6.928e-02 | bond_pen=1.603 | rew=-1.387823 | total_steps=172 | buffer=11696
2025-11-26 01:29:59 - INFO - train - [EP 0][STEP 173] N=68 | Fmax=1.054e+03, Fmean=1.091e+02 | E=235.753775, E/atom=3.466967 | COM=3.874e-01 | Disp_mean=6.816e-02, Disp_max=6.928e-02 | bond_pen=1.613 | rew=-1.350999 | total_steps=173 | buffer=11764
2025-11-26 01:29:59 - INFO - train - [EP 0][STEP 174] N=68 | Fmax=2.432e+03, Fmean=1.729e+02 | E=257.702613, E/atom=3.789744 | COM=7.672e-01 | Disp_mean=6.793e-02, Disp_max=6.928e-02 | bond_pen=1.613 | rew=-2.525831 | total_steps=174 | buffer=11832
2025-11-26 01:29:59 - INFO - train - [EP 0][STEP 175] N=68 | Fmax=9.109e+03, Fmean=4.015e+02 | E=437.003701, E/atom=6.426525 | COM=4.406e-01 | Disp_mean=6.871e-02, Disp_max=6.928e-02 | bond_pen=1.633 | rew=-2.997912 | total_steps=175 | buffer=11900
2025-11-26 01:30:00 - INFO - train - [EP 0][STEP 176] N=68 | Fmax=1.131e+04, Fmean=4.671e+02 | E=580.701123, E/atom=8.539722 | COM=8.399e-01 | Disp_mean=6.862e-02, Disp_max=6.928e-02 | bond_pen=1.637 | rew=-1.938152 | total_steps=176 | buffer=11968
2025-11-26 01:30:00 - INFO - train - [EP 0][STEP 177] N=68 | Fmax=1.018e+04, Fmean=4.282e+02 | E=541.939727, E/atom=7.969702 | COM=4.202e-01 | Disp_mean=6.881e-02, Disp_max=6.928e-02 | bond_pen=1.606 | rew=-1.542741 | total_steps=177 | buffer=12036
2025-11-26 01:30:00 - INFO - train - [EP 0][STEP 178] N=68 | Fmax=4.514e+03, Fmean=2.443e+02 | E=325.600421, E/atom=4.788241 | COM=7.775e-01 | Disp_mean=6.874e-02, Disp_max=6.928e-02 | bond_pen=1.588 | rew=-0.852363 | total_steps=178 | buffer=12104
2025-11-26 01:30:00 - INFO - train - [EP 0][STEP 179] N=68 | Fmax=1.288e+03, Fmean=1.448e+02 | E=277.140519, E/atom=4.075596 | COM=7.505e-01 | Disp_mean=6.758e-02, Disp_max=6.928e-02 | bond_pen=1.560 | rew=-0.380425 | total_steps=179 | buffer=12172
2025-11-26 01:30:01 - INFO - train - [EP 0][STEP 180] N=68 | Fmax=1.562e+03, Fmean=1.674e+02 | E=297.120583, E/atom=4.369420 | COM=7.266e-01 | Disp_mean=6.867e-02, Disp_max=6.928e-02 | bond_pen=1.521 | rew=-1.786487 | total_steps=180 | buffer=12240
2025-11-26 01:30:01 - INFO - train - [EP 0][STEP 181] N=68 | Fmax=6.556e+03, Fmean=4.510e+02 | E=380.298504, E/atom=5.592625 | COM=8.075e-01 | Disp_mean=6.884e-02, Disp_max=6.928e-02 | bond_pen=1.493 | rew=-3.007927 | total_steps=181 | buffer=12308
2025-11-26 01:30:01 - INFO - train - [EP 0][STEP 182] N=68 | Fmax=1.317e+03, Fmean=1.463e+02 | E=353.963704, E/atom=5.205349 | COM=7.848e-01 | Disp_mean=6.900e-02, Disp_max=6.928e-02 | bond_pen=1.475 | rew=0.051591 | total_steps=182 | buffer=12376
2025-11-26 01:30:01 - INFO - train - [EP 0][STEP 183] N=68 | Fmax=3.717e+03, Fmean=2.637e+02 | E=389.764436, E/atom=5.731830 | COM=8.507e-01 | Disp_mean=6.854e-02, Disp_max=6.928e-02 | bond_pen=1.467 | rew=-2.589602 | total_steps=183 | buffer=12444
2025-11-26 01:30:02 - INFO - train - [EP 0][STEP 184] N=68 | Fmax=1.025e+04, Fmean=7.199e+02 | E=1115.996751, E/atom=16.411717 | COM=7.493e-01 | Disp_mean=6.916e-02, Disp_max=6.928e-02 | bond_pen=1.447 | rew=-2.536711 | total_steps=184 | buffer=12512
2025-11-26 01:30:02 - INFO - train - [EP 0][STEP 185] N=68 | Fmax=1.040e+04, Fmean=7.999e+02 | E=1044.514166, E/atom=15.360502 | COM=8.056e-01 | Disp_mean=6.920e-02, Disp_max=6.928e-02 | bond_pen=1.450 | rew=-1.544580 | total_steps=185 | buffer=12580
2025-11-26 01:30:02 - INFO - train - [EP 0][STEP 186] N=68 | Fmax=1.568e+04, Fmean=1.007e+03 | E=1673.766257, E/atom=24.614210 | COM=7.122e-01 | Disp_mean=6.896e-02, Disp_max=6.928e-02 | bond_pen=1.437 | rew=-1.919334 | total_steps=186 | buffer=12648
2025-11-26 01:30:03 - INFO - train - [EP 0][STEP 187] N=68 | Fmax=1.630e+04, Fmean=1.136e+03 | E=1854.064928, E/atom=27.265661 | COM=7.745e-01 | Disp_mean=6.864e-02, Disp_max=6.928e-02 | bond_pen=1.436 | rew=-1.551931 | total_steps=187 | buffer=12716
2025-11-26 01:30:03 - INFO - train - [EP 0][STEP 188] N=68 | Fmax=1.477e+04, Fmean=1.096e+03 | E=2000.435237, E/atom=29.418165 | COM=6.489e-01 | Disp_mean=6.892e-02, Disp_max=6.928e-02 | bond_pen=1.419 | rew=-1.384949 | total_steps=188 | buffer=12784
2025-11-26 01:30:03 - INFO - train - [EP 0][STEP 189] N=68 | Fmax=1.380e+04, Fmean=1.199e+03 | E=2280.885438, E/atom=33.542433 | COM=5.528e-01 | Disp_mean=6.915e-02, Disp_max=6.928e-02 | bond_pen=1.400 | rew=-1.386912 | total_steps=189 | buffer=12852
2025-11-26 01:30:03 - INFO - train - [EP 0][STEP 190] N=68 | Fmax=1.781e+04, Fmean=1.606e+03 | E=3137.438964, E/atom=46.138808 | COM=5.201e-01 | Disp_mean=6.907e-02, Disp_max=6.928e-02 | bond_pen=1.388 | rew=-1.695687 | total_steps=190 | buffer=12920
2025-11-26 01:30:04 - INFO - train - [EP 0][STEP 191] N=68 | Fmax=2.904e+04, Fmean=2.307e+03 | E=3949.414391, E/atom=58.079623 | COM=5.315e-01 | Disp_mean=6.888e-02, Disp_max=6.928e-02 | bond_pen=1.356 | rew=-1.897932 | total_steps=191 | buffer=12988
2025-11-26 01:30:04 - INFO - train - [EP 0][STEP 192] N=68 | Fmax=3.042e+04, Fmean=2.576e+03 | E=4608.190301, E/atom=67.767504 | COM=5.136e-01 | Disp_mean=6.907e-02, Disp_max=6.928e-02 | bond_pen=1.340 | rew=-1.437753 | total_steps=192 | buffer=13056
2025-11-26 01:30:04 - INFO - train - [EP 0][STEP 193] N=68 | Fmax=4.392e+04, Fmean=3.542e+03 | E=6462.708161, E/atom=95.039826 | COM=4.847e-01 | Disp_mean=6.904e-02, Disp_max=6.928e-02 | bond_pen=1.344 | rew=-1.759210 | total_steps=193 | buffer=13124
2025-11-26 01:30:04 - INFO - train - [EP 0][STEP 194] N=68 | Fmax=4.362e+04, Fmean=3.597e+03 | E=6536.588046, E/atom=96.126295 | COM=5.445e-01 | Disp_mean=6.922e-02, Disp_max=6.928e-02 | bond_pen=1.311 | rew=-1.358474 | total_steps=194 | buffer=13192
2025-11-26 01:30:05 - INFO - train - [EP 0][STEP 195] N=68 | Fmax=4.433e+04, Fmean=3.878e+03 | E=7145.139682, E/atom=105.075584 | COM=6.291e-01 | Disp_mean=6.892e-02, Disp_max=6.928e-02 | bond_pen=1.292 | rew=-1.370877 | total_steps=195 | buffer=13260
2025-11-26 01:30:05 - INFO - train - [EP 0][STEP 196] N=68 | Fmax=4.425e+04, Fmean=3.890e+03 | E=7203.467297, E/atom=105.933343 | COM=4.842e-01 | Disp_mean=6.911e-02, Disp_max=6.928e-02 | bond_pen=1.282 | rew=-1.328532 | total_steps=196 | buffer=13328
2025-11-26 01:30:05 - INFO - train - [EP 0][STEP 197] N=68 | Fmax=4.440e+04, Fmean=3.854e+03 | E=7502.506919, E/atom=110.330984 | COM=5.744e-01 | Disp_mean=6.925e-02, Disp_max=6.928e-02 | bond_pen=1.248 | rew=-1.309364 | total_steps=197 | buffer=13396
2025-11-26 01:30:06 - INFO - train - [EP 0][STEP 198] N=68 | Fmax=4.711e+04, Fmean=4.103e+03 | E=8161.288899, E/atom=120.018954 | COM=5.480e-01 | Disp_mean=6.928e-02, Disp_max=6.928e-02 | bond_pen=1.238 | rew=-1.351943 | total_steps=198 | buffer=13464
2025-11-26 01:30:06 - INFO - train - [EP 0][STEP 199] N=68 | Fmax=5.287e+04, Fmean=4.573e+03 | E=9785.437495, E/atom=143.903493 | COM=6.069e-01 | Disp_mean=6.928e-02, Disp_max=6.928e-02 | bond_pen=1.237 | rew=-1.413074 | total_steps=199 | buffer=13532
2025-11-26 01:30:06 - INFO - train - [EP 0][STEP 200] N=68 | Fmax=6.052e+04, Fmean=5.588e+03 | E=12476.584741, E/atom=183.479187 | COM=5.012e-01 | Disp_mean=6.910e-02, Disp_max=6.928e-02 | bond_pen=1.234 | rew=-1.419741 | total_steps=200 | buffer=13600
2025-11-26 01:30:06 - INFO - train - [EP 0][STEP 201] N=68 | Fmax=6.609e+04, Fmean=6.312e+03 | E=14627.886262, E/atom=215.115974 | COM=4.811e-01 | Disp_mean=6.926e-02, Disp_max=6.928e-02 | bond_pen=1.213 | rew=-1.349347 | total_steps=201 | buffer=13668
2025-11-26 01:30:07 - INFO - train - [EP 0][STEP 202] N=68 | Fmax=6.466e+04, Fmean=5.859e+03 | E=14574.785168, E/atom=214.335076 | COM=4.714e-01 | Disp_mean=6.924e-02, Disp_max=6.928e-02 | bond_pen=1.187 | rew=-1.212432 | total_steps=202 | buffer=13736
2025-11-26 01:30:07 - INFO - train - [EP 0][STEP 203] N=68 | Fmax=7.659e+04, Fmean=6.942e+03 | E=17626.596084, E/atom=259.214648 | COM=5.769e-01 | Disp_mean=6.927e-02, Disp_max=6.928e-02 | bond_pen=1.202 | rew=-1.428978 | total_steps=203 | buffer=13804
2025-11-26 01:30:07 - INFO - train - [EP 0][STEP 204] N=68 | Fmax=7.824e+04, Fmean=7.227e+03 | E=18811.917546, E/atom=276.645846 | COM=5.824e-01 | Disp_mean=6.928e-02, Disp_max=6.928e-02 | bond_pen=1.175 | rew=-1.254747 | total_steps=204 | buffer=13872
2025-11-26 01:30:07 - INFO - train - [EP 0][STEP 205] N=68 | Fmax=8.253e+04, Fmean=7.826e+03 | E=21241.386391, E/atom=312.373329 | COM=5.725e-01 | Disp_mean=6.912e-02, Disp_max=6.928e-02 | bond_pen=1.159 | rew=-1.269645 | total_steps=205 | buffer=13940
2025-11-26 01:30:08 - INFO - train - [EP 0][STEP 206] N=68 | Fmax=8.670e+04, Fmean=8.461e+03 | E=23900.284151, E/atom=351.474767 | COM=5.781e-01 | Disp_mean=6.912e-02, Disp_max=6.928e-02 | bond_pen=1.117 | rew=-1.224158 | total_steps=206 | buffer=14008
2025-11-26 01:30:08 - INFO - train - [EP 0][STEP 207] N=68 | Fmax=9.621e+04, Fmean=9.246e+03 | E=27083.738631, E/atom=398.290274 | COM=5.817e-01 | Disp_mean=6.928e-02, Disp_max=6.928e-02 | bond_pen=1.089 | rew=-1.250934 | total_steps=207 | buffer=14076
2025-11-26 01:30:08 - INFO - train - [EP 0][STEP 208] N=68 | Fmax=1.085e+05, Fmean=1.010e+04 | E=31068.226641, E/atom=456.885686 | COM=5.840e-01 | Disp_mean=6.925e-02, Disp_max=6.928e-02 | bond_pen=1.063 | rew=-1.241847 | total_steps=208 | buffer=14144
2025-11-26 01:30:08 - INFO - train - [EP 0][STEP 209] N=68 | Fmax=1.425e+05, Fmean=1.213e+04 | E=34784.574757, E/atom=511.537864 | COM=6.346e-01 | Disp_mean=6.909e-02, Disp_max=6.928e-02 | bond_pen=1.057 | rew=-1.393121 | total_steps=209 | buffer=14212
2025-11-26 01:30:09 - INFO - train - [EP 0][STEP 210] N=68 | Fmax=1.410e+05, Fmean=1.241e+04 | E=37814.948674, E/atom=556.102186 | COM=5.901e-01 | Disp_mean=6.927e-02, Disp_max=6.928e-02 | bond_pen=1.057 | rew=-1.105319 | total_steps=210 | buffer=14280
2025-11-26 01:30:09 - INFO - train - [EP 0][STEP 211] N=68 | Fmax=1.459e+05, Fmean=1.310e+04 | E=40349.620223, E/atom=593.376768 | COM=6.039e-01 | Disp_mean=6.923e-02, Disp_max=6.928e-02 | bond_pen=1.062 | rew=-1.157180 | total_steps=211 | buffer=14348
2025-11-26 01:30:09 - INFO - train - [EP 0][STEP 212] N=68 | Fmax=1.489e+05, Fmean=1.293e+04 | E=39881.591476, E/atom=586.493992 | COM=6.114e-01 | Disp_mean=6.928e-02, Disp_max=6.928e-02 | bond_pen=1.074 | rew=-1.154569 | total_steps=212 | buffer=14416
2025-11-26 01:30:10 - INFO - train - [EP 0][STEP 213] N=68 | Fmax=1.714e+05, Fmean=1.410e+04 | E=40186.708183, E/atom=590.981003 | COM=6.260e-01 | Disp_mean=6.908e-02, Disp_max=6.928e-02 | bond_pen=1.078 | rew=-1.281080 | total_steps=213 | buffer=14484
2025-11-26 01:30:10 - INFO - train - [EP 0][STEP 214] N=68 | Fmax=1.382e+05, Fmean=1.260e+04 | E=37262.899673, E/atom=547.983819 | COM=6.459e-01 | Disp_mean=6.928e-02, Disp_max=6.928e-02 | bond_pen=1.071 | rew=-0.920452 | total_steps=214 | buffer=14552
2025-11-26 01:30:10 - INFO - train - [EP 0][STEP 215] N=68 | Fmax=1.509e+05, Fmean=1.147e+04 | E=36156.392491, E/atom=531.711654 | COM=6.616e-01 | Disp_mean=6.928e-02, Disp_max=6.928e-02 | bond_pen=1.081 | rew=-1.234664 | total_steps=215 | buffer=14620
2025-11-26 01:30:10 - INFO - train - [EP 0][STEP 216] N=68 | Fmax=9.024e+04, Fmean=9.227e+03 | E=33978.920225, E/atom=499.690003 | COM=6.780e-01 | Disp_mean=6.928e-02, Disp_max=6.928e-02 | bond_pen=1.070 | rew=-0.623582 | total_steps=216 | buffer=14688
2025-11-26 01:30:11 - INFO - train - [EP 0][STEP 217] N=68 | Fmax=5.554e+04, Fmean=7.236e+03 | E=27092.982529, E/atom=398.426214 | COM=6.962e-01 | Disp_mean=6.926e-02, Disp_max=6.928e-02 | bond_pen=1.087 | rew=-0.671295 | total_steps=217 | buffer=14756
2025-11-26 01:30:11 - INFO - train - [EP 0][STEP 218] N=68 | Fmax=4.694e+04, Fmean=6.050e+03 | E=22608.268994, E/atom=332.474544 | COM=1.504e-01 | Disp_mean=6.927e-02, Disp_max=6.928e-02 | bond_pen=1.092 | rew=-0.938836 | total_steps=218 | buffer=14824
2025-11-26 01:30:11 - INFO - train - [EP 0][STEP 219] N=68 | Fmax=4.587e+04, Fmean=5.883e+03 | E=21450.285927, E/atom=315.445381 | COM=1.824e-01 | Disp_mean=6.926e-02, Disp_max=6.928e-02 | bond_pen=1.110 | rew=-1.105017 | total_steps=219 | buffer=14892
2025-11-26 01:30:11 - INFO - train - [EP 0][STEP 220] N=68 | Fmax=4.401e+04, Fmean=5.579e+03 | E=20389.826339, E/atom=299.850387 | COM=2.216e-01 | Disp_mean=6.928e-02, Disp_max=6.928e-02 | bond_pen=1.119 | rew=-1.100032 | total_steps=220 | buffer=14960
2025-11-26 01:30:12 - INFO - train - [EP 0][STEP 221] N=68 | Fmax=4.237e+04, Fmean=5.642e+03 | E=21132.627761, E/atom=310.773938 | COM=2.539e-01 | Disp_mean=6.928e-02, Disp_max=6.928e-02 | bond_pen=1.145 | rew=-1.132184 | total_steps=221 | buffer=15028
2025-11-26 01:30:12 - INFO - train - [EP 0][STEP 222] N=68 | Fmax=4.781e+04, Fmean=6.224e+03 | E=23969.497557, E/atom=352.492611 | COM=2.861e-01 | Disp_mean=6.910e-02, Disp_max=6.928e-02 | bond_pen=1.184 | rew=-1.333109 | total_steps=222 | buffer=15096
